

#########################################################################


Shape of original X: (235795, 55)


#########################################################################


Shape of X after dropping categorical variables: (235795, 50)


#########################################################################


Shape of X after dropping binary variables: (235795, 31)


#########################################################################


Features: DomainTitleMatchScore & URLTitleMatchScore --> Correlation: 0.96
Features: URLLength & NoOfLettersInURL --> Correlation: 0.96
Features: URLLength & NoOfDegitsInURL --> Correlation: 0.84
Features: NoOfDegitsInURL & NoOfEqualsInURL --> Correlation: 0.81

Shape of X after dropping highly correlated variables: (235795, 28)


#########################################################################


Performing Kruskal Wallis Ranking...
Ranked features using Kruskal-Wallis test:
URLSimilarityIndex  --> KruskalResult(statistic=210584.39036357813, pvalue=0.0)
NoOfExternalRef  --> KruskalResult(statistic=167404.03123554974, pvalue=0.0)
NoOfImage  --> KruskalResult(statistic=167374.10572427587, pvalue=0.0)
LineOfCode  --> KruskalResult(statistic=166758.99813854924, pvalue=0.0)
NoOfSelfRef  --> KruskalResult(statistic=162123.57914756692, pvalue=0.0)
NoOfJS  --> KruskalResult(statistic=159715.89402412856, pvalue=0.0)
NoOfCSS  --> KruskalResult(statistic=152179.26990352495, pvalue=0.0)
NoOfOtherSpecialCharsInURL  --> KruskalResult(statistic=88465.33871447768, pvalue=0.0)
LargestLineLength  --> KruskalResult(statistic=69335.65627723419, pvalue=0.0)
DegitRatioInURL  --> KruskalResult(statistic=67811.9838472924, pvalue=0.0)
SpacialCharRatioInURL  --> KruskalResult(statistic=65590.23448570608, pvalue=0.0)
URLTitleMatchScore  --> KruskalResult(statistic=65028.72661266042, pvalue=0.0)
NoOfiFrame  --> KruskalResult(statistic=63975.058491280324, pvalue=0.0)
NoOfEmptyRef  --> KruskalResult(statistic=62589.42453427845, pvalue=0.0)
CharContinuationRate  --> KruskalResult(statistic=52089.10637120806, pvalue=0.0)
URLCharProb  --> KruskalResult(statistic=49701.38268546595, pvalue=0.0)
LetterRatioInURL  --> KruskalResult(statistic=32077.034876127516, pvalue=0.0)
DomainLength  --> KruskalResult(statistic=10750.930197775862, pvalue=0.0)
TLDLegitimateProb  --> KruskalResult(statistic=9216.914981500566, pvalue=0.0)
NoOfPopup  --> KruskalResult(statistic=8777.779646698476, pvalue=0.0)
NoOfQMarkInURL  --> KruskalResult(statistic=8406.971157899832, pvalue=0.0)
NoOfEqualsInURL  --> KruskalResult(statistic=7383.037003948996, pvalue=0.0)
NoOfAmpersandInURL  --> KruskalResult(statistic=1189.3857541347083, pvalue=1.236173360324312e-260)
TLDLength  --> KruskalResult(statistic=698.2785726647204, pvalue=7.080117984548315e-154)
NoOfObfuscatedChar  --> KruskalResult(statistic=649.2316744847103, pvalue=3.282516964322253e-143)
ObfuscationRatio  --> KruskalResult(statistic=649.2315706386679, pvalue=3.2826876686790215e-143)
NoOfSubDomain  --> KruskalResult(statistic=263.1706421454502, pvalue=3.494681905399867e-59)



#########################################################################


Performing AUC ranking...

 Ranking of Features by ROC-AUC:
URLSimilarityIndex -- > AUC: 0.9961067908266877
LineOfCode -- > AUC: 0.9902547246283098
NoOfExternalRef -- > AUC: 0.9880213473957713
NoOfImage -- > AUC: 0.9796345449113589
NoOfSelfRef -- > AUC: 0.9724564542125486
NoOfJS -- > AUC: 0.9708228801783104
NoOfCSS -- > AUC: 0.9575963584614823
LargestLineLength -- > AUC: 0.8163423052230577
URLTitleMatchScore -- > AUC: 0.7707085809217834
URLCharProb -- > AUC: 0.7678514166084156
NoOfiFrame -- > AUC: 0.7546068869061305
NoOfEmptyRef -- > AUC: 0.7454109871943725
CharContinuationRate -- > AUC: 0.7438507303975209
TLDLegitimateProb -- > AUC: 0.6088554390523825
NoOfPopup -- > AUC: 0.5451757711282074
NoOfSubDomain -- > AUC: 0.5146242955130744
NoOfObfuscatedChar -- > AUC: 0.4975977017187577
ObfuscationRatio -- > AUC: 0.4975977017187577
NoOfAmpersandInURL -- > AUC: 0.49560651840110953
TLDLength -- > AUC: 0.47382428615398353
NoOfEqualsInURL -- > AUC: 0.4732478082123929
NoOfQMarkInURL -- > AUC: 0.4696369310020308
DomainLength -- > AUC: 0.37558312078408174
LetterRatioInURL -- > AUC: 0.28489070438600683
DegitRatioInURL -- > AUC: 0.273902149235516
URLLength -- > AUC: 0.2676346254259869
SpacialCharRatioInURL -- > AUC: 0.19242620914229278
NoOfOtherSpecialCharsInURL -- > AUC: 0.17621701696865988



#########################################################################


Shape for dataset after KW ranking selection: (235795, 23)
Shape for dataset after AUC ranking selection: (235795, 23)


#########################################################################




#########################################################################


Performing PCA for KW...
The main PC contributes to 99.99997447187319% of the variance.
Optimal number of components according to Kaiser: 15
Variance (%) retained accourding to Kaiser: 99.9999744715281
Variance (%) retained accourding to Scree: 99.99999999999798
Shape of dataset after PCA for KW is: (235795, 15)


#########################################################################


Performing LDA for KW...
Shape of dataset after LDA is KW: (235795, 1)


#########################################################################


TESTING CLASSIFIERS FOR DATASET KW_Natural...
TESTING KNN...
Best k = 1
Minimum Average Error = 0.29%
TESTING SVM...
Best C = 10.0
Minimum Average Error = 0.33%
Mean Accuracy for Euclidean_MDC: 0.780 ± 0.002
Mean Specificity for Euclidean_MDC: 0.808 ± 0.003
Mean F1-score for Euclidean_MDC: 0.797 ± 0.002
Mean Sensitivity (Recall) for Euclidean_MDC: 0.758 ± 0.002


#########################################################################


Mean Accuracy for Euclidean_MDC: 0.780 ± 0.002
Mean Specificity for Euclidean_MDC: 0.808 ± 0.002
Mean F1-score for Euclidean_MDC: 0.797 ± 0.001
Mean Sensitivity (Recall) for Euclidean_MDC: 0.758 ± 0.002


#########################################################################


Mean Accuracy for Euclidean_MDC: 0.780 ± 0.001
Mean Specificity for Euclidean_MDC: 0.808 ± 0.002
Mean F1-score for Euclidean_MDC: 0.797 ± 0.001
Mean Sensitivity (Recall) for Euclidean_MDC: 0.758 ± 0.002


#########################################################################


Mean Accuracy for Euclidean_MDC: 0.780 ± 0.001
Mean Specificity for Euclidean_MDC: 0.808 ± 0.002
Mean F1-score for Euclidean_MDC: 0.798 ± 0.001
Mean Sensitivity (Recall) for Euclidean_MDC: 0.758 ± 0.002


#########################################################################


Mean Accuracy for Euclidean_MDC: 0.780 ± 0.000
Mean Specificity for Euclidean_MDC: 0.808 ± 0.003
Mean F1-score for Euclidean_MDC: 0.797 ± 0.001
Mean Sensitivity (Recall) for Euclidean_MDC: 0.758 ± 0.002


#########################################################################


Mean Accuracy for Euclidean_MDC: 0.780 ± 0.002
Mean Specificity for Euclidean_MDC: 0.808 ± 0.003
Mean F1-score for Euclidean_MDC: 0.797 ± 0.002
Mean Sensitivity (Recall) for Euclidean_MDC: 0.758 ± 0.003


#########################################################################


Mean Accuracy for Euclidean_MDC: 0.780 ± 0.001
Mean Specificity for Euclidean_MDC: 0.808 ± 0.003
Mean F1-score for Euclidean_MDC: 0.797 ± 0.001
Mean Sensitivity (Recall) for Euclidean_MDC: 0.758 ± 0.002


#########################################################################


Mean Accuracy for Euclidean_MDC: 0.780 ± 0.001
Mean Specificity for Euclidean_MDC: 0.808 ± 0.002
Mean F1-score for Euclidean_MDC: 0.798 ± 0.002
Mean Sensitivity (Recall) for Euclidean_MDC: 0.758 ± 0.002


#########################################################################


Mean Accuracy for Euclidean_MDC: 0.780 ± 0.002
Mean Specificity for Euclidean_MDC: 0.808 ± 0.002
Mean F1-score for Euclidean_MDC: 0.797 ± 0.001
Mean Sensitivity (Recall) for Euclidean_MDC: 0.758 ± 0.002


#########################################################################


Mean Accuracy for Euclidean_MDC: 0.780 ± 0.002
Mean Specificity for Euclidean_MDC: 0.808 ± 0.002
Mean F1-score for Euclidean_MDC: 0.797 ± 0.001
Mean Sensitivity (Recall) for Euclidean_MDC: 0.758 ± 0.003


#########################################################################


Mean Accuracy for Mahalanobis_MDC: 0.973 ± 0.001
Mean Specificity for Mahalanobis_MDC: 0.940 ± 0.002
Mean F1-score for Mahalanobis_MDC: 0.977 ± 0.001
Mean Sensitivity (Recall) for Mahalanobis_MDC: 0.999 ± 0.000


#########################################################################


Mean Accuracy for Mahalanobis_MDC: 0.974 ± 0.002
Mean Specificity for Mahalanobis_MDC: 0.940 ± 0.004
Mean F1-score for Mahalanobis_MDC: 0.977 ± 0.001
Mean Sensitivity (Recall) for Mahalanobis_MDC: 0.999 ± 0.000


#########################################################################


Mean Accuracy for Mahalanobis_MDC: 0.973 ± 0.001
Mean Specificity for Mahalanobis_MDC: 0.940 ± 0.003
Mean F1-score for Mahalanobis_MDC: 0.977 ± 0.001
Mean Sensitivity (Recall) for Mahalanobis_MDC: 0.999 ± 0.000


#########################################################################


Mean Accuracy for Mahalanobis_MDC: 0.973 ± 0.001
Mean Specificity for Mahalanobis_MDC: 0.939 ± 0.003
Mean F1-score for Mahalanobis_MDC: 0.977 ± 0.001
Mean Sensitivity (Recall) for Mahalanobis_MDC: 0.999 ± 0.000


#########################################################################


Mean Accuracy for Mahalanobis_MDC: 0.973 ± 0.002
Mean Specificity for Mahalanobis_MDC: 0.940 ± 0.004
Mean F1-score for Mahalanobis_MDC: 0.977 ± 0.001
Mean Sensitivity (Recall) for Mahalanobis_MDC: 0.999 ± 0.000


#########################################################################


Mean Accuracy for Mahalanobis_MDC: 0.973 ± 0.001
Mean Specificity for Mahalanobis_MDC: 0.940 ± 0.003
Mean F1-score for Mahalanobis_MDC: 0.977 ± 0.001
Mean Sensitivity (Recall) for Mahalanobis_MDC: 0.999 ± 0.000


#########################################################################


Mean Accuracy for Mahalanobis_MDC: 0.974 ± 0.001
Mean Specificity for Mahalanobis_MDC: 0.940 ± 0.002
Mean F1-score for Mahalanobis_MDC: 0.977 ± 0.001
Mean Sensitivity (Recall) for Mahalanobis_MDC: 0.999 ± 0.000


#########################################################################


Mean Accuracy for Mahalanobis_MDC: 0.973 ± 0.001
Mean Specificity for Mahalanobis_MDC: 0.940 ± 0.002
Mean F1-score for Mahalanobis_MDC: 0.977 ± 0.001
Mean Sensitivity (Recall) for Mahalanobis_MDC: 0.999 ± 0.000


#########################################################################


Mean Accuracy for Mahalanobis_MDC: 0.973 ± 0.001
Mean Specificity for Mahalanobis_MDC: 0.940 ± 0.002
Mean F1-score for Mahalanobis_MDC: 0.977 ± 0.001
Mean Sensitivity (Recall) for Mahalanobis_MDC: 0.999 ± 0.000


#########################################################################


Mean Accuracy for Mahalanobis_MDC: 0.973 ± 0.001
Mean Specificity for Mahalanobis_MDC: 0.940 ± 0.002
Mean F1-score for Mahalanobis_MDC: 0.977 ± 0.001
Mean Sensitivity (Recall) for Mahalanobis_MDC: 0.999 ± 0.000


#########################################################################


Mean Accuracy for LDA_Fisher_MDC: 0.974 ± 0.001
Mean Specificity for LDA_Fisher_MDC: 0.940 ± 0.003
Mean F1-score for LDA_Fisher_MDC: 0.978 ± 0.001
Mean Sensitivity (Recall) for LDA_Fisher_MDC: 1.000 ± 0.000


#########################################################################


Mean Accuracy for LDA_Fisher_MDC: 0.974 ± 0.002
Mean Specificity for LDA_Fisher_MDC: 0.940 ± 0.004
Mean F1-score for LDA_Fisher_MDC: 0.978 ± 0.001
Mean Sensitivity (Recall) for LDA_Fisher_MDC: 1.000 ± 0.000


#########################################################################


Mean Accuracy for LDA_Fisher_MDC: 0.974 ± 0.002
Mean Specificity for LDA_Fisher_MDC: 0.940 ± 0.004
Mean F1-score for LDA_Fisher_MDC: 0.978 ± 0.001
Mean Sensitivity (Recall) for LDA_Fisher_MDC: 1.000 ± 0.000


#########################################################################


Mean Accuracy for LDA_Fisher_MDC: 0.974 ± 0.002
Mean Specificity for LDA_Fisher_MDC: 0.940 ± 0.005
Mean F1-score for LDA_Fisher_MDC: 0.978 ± 0.002
Mean Sensitivity (Recall) for LDA_Fisher_MDC: 1.000 ± 0.000


#########################################################################


Mean Accuracy for LDA_Fisher_MDC: 0.975 ± 0.002
Mean Specificity for LDA_Fisher_MDC: 0.941 ± 0.004
Mean F1-score for LDA_Fisher_MDC: 0.978 ± 0.002
Mean Sensitivity (Recall) for LDA_Fisher_MDC: 1.000 ± 0.000


#########################################################################


Mean Accuracy for LDA_Fisher_MDC: 0.974 ± 0.002
Mean Specificity for LDA_Fisher_MDC: 0.940 ± 0.004
Mean F1-score for LDA_Fisher_MDC: 0.978 ± 0.002
Mean Sensitivity (Recall) for LDA_Fisher_MDC: 1.000 ± 0.000


#########################################################################


Mean Accuracy for LDA_Fisher_MDC: 0.974 ± 0.002
Mean Specificity for LDA_Fisher_MDC: 0.940 ± 0.005
Mean F1-score for LDA_Fisher_MDC: 0.978 ± 0.002
Mean Sensitivity (Recall) for LDA_Fisher_MDC: 1.000 ± 0.000


#########################################################################


Mean Accuracy for LDA_Fisher_MDC: 0.974 ± 0.002
Mean Specificity for LDA_Fisher_MDC: 0.940 ± 0.004
Mean F1-score for LDA_Fisher_MDC: 0.978 ± 0.002
Mean Sensitivity (Recall) for LDA_Fisher_MDC: 1.000 ± 0.000


#########################################################################


Mean Accuracy for LDA_Fisher_MDC: 0.974 ± 0.002
Mean Specificity for LDA_Fisher_MDC: 0.940 ± 0.004
Mean F1-score for LDA_Fisher_MDC: 0.978 ± 0.001
Mean Sensitivity (Recall) for LDA_Fisher_MDC: 1.000 ± 0.000


#########################################################################


Mean Accuracy for LDA_Fisher_MDC: 0.974 ± 0.001
Mean Specificity for LDA_Fisher_MDC: 0.940 ± 0.004
Mean F1-score for LDA_Fisher_MDC: 0.978 ± 0.001
Mean Sensitivity (Recall) for LDA_Fisher_MDC: 1.000 ± 0.000


#########################################################################


Mean Accuracy for Bayes_Classifier: 0.993 ± 0.000
Mean Specificity for Bayes_Classifier: 0.993 ± 0.000
Mean F1-score for Bayes_Classifier: 0.994 ± 0.000
Mean Sensitivity (Recall) for Bayes_Classifier: 0.994 ± 0.001


#########################################################################


Mean Accuracy for Bayes_Classifier: 0.993 ± 0.000
Mean Specificity for Bayes_Classifier: 0.993 ± 0.000
Mean F1-score for Bayes_Classifier: 0.994 ± 0.000
Mean Sensitivity (Recall) for Bayes_Classifier: 0.994 ± 0.001


#########################################################################


Mean Accuracy for Bayes_Classifier: 0.993 ± 0.000
Mean Specificity for Bayes_Classifier: 0.993 ± 0.001
Mean F1-score for Bayes_Classifier: 0.994 ± 0.000
Mean Sensitivity (Recall) for Bayes_Classifier: 0.994 ± 0.000


#########################################################################


Mean Accuracy for Bayes_Classifier: 0.993 ± 0.000
Mean Specificity for Bayes_Classifier: 0.993 ± 0.001
Mean F1-score for Bayes_Classifier: 0.994 ± 0.000
Mean Sensitivity (Recall) for Bayes_Classifier: 0.993 ± 0.000


#########################################################################


Mean Accuracy for Bayes_Classifier: 0.993 ± 0.000
Mean Specificity for Bayes_Classifier: 0.993 ± 0.001
Mean F1-score for Bayes_Classifier: 0.994 ± 0.000
Mean Sensitivity (Recall) for Bayes_Classifier: 0.993 ± 0.001


#########################################################################


Mean Accuracy for Bayes_Classifier: 0.993 ± 0.000
Mean Specificity for Bayes_Classifier: 0.993 ± 0.000
Mean F1-score for Bayes_Classifier: 0.994 ± 0.000
Mean Sensitivity (Recall) for Bayes_Classifier: 0.994 ± 0.001


#########################################################################


Mean Accuracy for Bayes_Classifier: 0.993 ± 0.000
Mean Specificity for Bayes_Classifier: 0.993 ± 0.000
Mean F1-score for Bayes_Classifier: 0.994 ± 0.000
Mean Sensitivity (Recall) for Bayes_Classifier: 0.993 ± 0.001


#########################################################################


Mean Accuracy for Bayes_Classifier: 0.993 ± 0.000
Mean Specificity for Bayes_Classifier: 0.993 ± 0.000
Mean F1-score for Bayes_Classifier: 0.994 ± 0.000
Mean Sensitivity (Recall) for Bayes_Classifier: 0.994 ± 0.001


#########################################################################


Mean Accuracy for Bayes_Classifier: 0.993 ± 0.000
Mean Specificity for Bayes_Classifier: 0.993 ± 0.001
Mean F1-score for Bayes_Classifier: 0.994 ± 0.000
Mean Sensitivity (Recall) for Bayes_Classifier: 0.994 ± 0.001


#########################################################################


Mean Accuracy for Bayes_Classifier: 0.993 ± 0.001
Mean Specificity for Bayes_Classifier: 0.993 ± 0.001
Mean F1-score for Bayes_Classifier: 0.994 ± 0.001
Mean Sensitivity (Recall) for Bayes_Classifier: 0.993 ± 0.001


#########################################################################


Mean Accuracy for KNN_Classifier: 0.997 ± 0.000
Mean Specificity for KNN_Classifier: 0.995 ± 0.000
Mean F1-score for KNN_Classifier: 0.998 ± 0.000
Mean Sensitivity (Recall) for KNN_Classifier: 0.999 ± 0.000


#########################################################################


Mean Accuracy for KNN_Classifier: 0.997 ± 0.000
Mean Specificity for KNN_Classifier: 0.995 ± 0.001
Mean F1-score for KNN_Classifier: 0.998 ± 0.000
Mean Sensitivity (Recall) for KNN_Classifier: 0.999 ± 0.000


#########################################################################


Mean Accuracy for KNN_Classifier: 0.997 ± 0.000
Mean Specificity for KNN_Classifier: 0.995 ± 0.000
Mean F1-score for KNN_Classifier: 0.998 ± 0.000
Mean Sensitivity (Recall) for KNN_Classifier: 0.999 ± 0.000


#########################################################################


Mean Accuracy for KNN_Classifier: 0.997 ± 0.000
Mean Specificity for KNN_Classifier: 0.995 ± 0.001
Mean F1-score for KNN_Classifier: 0.998 ± 0.000
Mean Sensitivity (Recall) for KNN_Classifier: 0.999 ± 0.000


#########################################################################


Mean Accuracy for KNN_Classifier: 0.997 ± 0.000
Mean Specificity for KNN_Classifier: 0.995 ± 0.000
Mean F1-score for KNN_Classifier: 0.998 ± 0.000
Mean Sensitivity (Recall) for KNN_Classifier: 0.999 ± 0.000


#########################################################################


Mean Accuracy for KNN_Classifier: 0.997 ± 0.000
Mean Specificity for KNN_Classifier: 0.995 ± 0.000
Mean F1-score for KNN_Classifier: 0.998 ± 0.000
Mean Sensitivity (Recall) for KNN_Classifier: 0.999 ± 0.000


#########################################################################


Mean Accuracy for KNN_Classifier: 0.997 ± 0.000
Mean Specificity for KNN_Classifier: 0.995 ± 0.000
Mean F1-score for KNN_Classifier: 0.998 ± 0.000
Mean Sensitivity (Recall) for KNN_Classifier: 0.999 ± 0.000


#########################################################################


Mean Accuracy for KNN_Classifier: 0.997 ± 0.000
Mean Specificity for KNN_Classifier: 0.995 ± 0.000
Mean F1-score for KNN_Classifier: 0.998 ± 0.000
Mean Sensitivity (Recall) for KNN_Classifier: 0.999 ± 0.000


#########################################################################


Mean Accuracy for KNN_Classifier: 0.997 ± 0.000
Mean Specificity for KNN_Classifier: 0.995 ± 0.000
Mean F1-score for KNN_Classifier: 0.998 ± 0.000
Mean Sensitivity (Recall) for KNN_Classifier: 0.999 ± 0.000


#########################################################################


Mean Accuracy for KNN_Classifier: 0.997 ± 0.000
Mean Specificity for KNN_Classifier: 0.995 ± 0.000
Mean F1-score for KNN_Classifier: 0.998 ± 0.000
Mean Sensitivity (Recall) for KNN_Classifier: 0.999 ± 0.000


#########################################################################


Mean Accuracy for SVM_Classifier: 0.997 ± 0.000
Mean Specificity for SVM_Classifier: 0.993 ± 0.000
Mean F1-score for SVM_Classifier: 0.997 ± 0.000
Mean Sensitivity (Recall) for SVM_Classifier: 1.000 ± 0.000


#########################################################################


Mean Accuracy for SVM_Classifier: 0.997 ± 0.000
Mean Specificity for SVM_Classifier: 0.993 ± 0.000
Mean F1-score for SVM_Classifier: 0.997 ± 0.000
Mean Sensitivity (Recall) for SVM_Classifier: 1.000 ± 0.000


#########################################################################


Mean Accuracy for SVM_Classifier: 0.997 ± 0.000
Mean Specificity for SVM_Classifier: 0.993 ± 0.000
Mean F1-score for SVM_Classifier: 0.997 ± 0.000
Mean Sensitivity (Recall) for SVM_Classifier: 1.000 ± 0.000


#########################################################################


Mean Accuracy for SVM_Classifier: 0.997 ± 0.000
Mean Specificity for SVM_Classifier: 0.993 ± 0.001
Mean F1-score for SVM_Classifier: 0.997 ± 0.000
Mean Sensitivity (Recall) for SVM_Classifier: 1.000 ± 0.000


#########################################################################


Mean Accuracy for SVM_Classifier: 0.997 ± 0.000
Mean Specificity for SVM_Classifier: 0.993 ± 0.001
Mean F1-score for SVM_Classifier: 0.997 ± 0.000
Mean Sensitivity (Recall) for SVM_Classifier: 1.000 ± 0.000


#########################################################################


Mean Accuracy for SVM_Classifier: 0.997 ± 0.000
Mean Specificity for SVM_Classifier: 0.993 ± 0.000
Mean F1-score for SVM_Classifier: 0.997 ± 0.000
Mean Sensitivity (Recall) for SVM_Classifier: 1.000 ± 0.000


#########################################################################


Mean Accuracy for SVM_Classifier: 0.997 ± 0.000
Mean Specificity for SVM_Classifier: 0.993 ± 0.000
Mean F1-score for SVM_Classifier: 0.997 ± 0.000
Mean Sensitivity (Recall) for SVM_Classifier: 1.000 ± 0.000


#########################################################################


Mean Accuracy for SVM_Classifier: 0.997 ± 0.000
Mean Specificity for SVM_Classifier: 0.993 ± 0.001
Mean F1-score for SVM_Classifier: 0.997 ± 0.000
Mean Sensitivity (Recall) for SVM_Classifier: 1.000 ± 0.000


#########################################################################


Mean Accuracy for SVM_Classifier: 0.997 ± 0.000
Mean Specificity for SVM_Classifier: 0.993 ± 0.001
Mean F1-score for SVM_Classifier: 0.997 ± 0.000
Mean Sensitivity (Recall) for SVM_Classifier: 1.000 ± 0.000


#########################################################################


Mean Accuracy for SVM_Classifier: 0.997 ± 0.000
Mean Specificity for SVM_Classifier: 0.993 ± 0.001
Mean F1-score for SVM_Classifier: 0.997 ± 0.000
Mean Sensitivity (Recall) for SVM_Classifier: 1.000 ± 0.000


#########################################################################


TESTING CLASSIFIERS FOR DATASET KW_PCA...
TESTING KNN...
Best k = 1
Minimum Average Error = 0.08%
TESTING SVM...
Best C = 100.0
Minimum Average Error = 7.38%
Mean Accuracy for Euclidean_MDC: 0.756 ± 0.005
Mean Specificity for Euclidean_MDC: 0.718 ± 0.020
Mean F1-score for Euclidean_MDC: 0.786 ± 0.005
Mean Sensitivity (Recall) for Euclidean_MDC: 0.785 ± 0.014


#########################################################################


Mean Accuracy for Euclidean_MDC: 0.755 ± 0.004
Mean Specificity for Euclidean_MDC: 0.709 ± 0.004
Mean F1-score for Euclidean_MDC: 0.787 ± 0.005
Mean Sensitivity (Recall) for Euclidean_MDC: 0.790 ± 0.006


#########################################################################


Mean Accuracy for Euclidean_MDC: 0.765 ± 0.023
Mean Specificity for Euclidean_MDC: 0.717 ± 0.018
Mean F1-score for Euclidean_MDC: 0.795 ± 0.021
Mean Sensitivity (Recall) for Euclidean_MDC: 0.800 ± 0.026


#########################################################################


Mean Accuracy for Euclidean_MDC: 0.754 ± 0.004
Mean Specificity for Euclidean_MDC: 0.708 ± 0.005
Mean F1-score for Euclidean_MDC: 0.786 ± 0.004
Mean Sensitivity (Recall) for Euclidean_MDC: 0.789 ± 0.006


#########################################################################


Mean Accuracy for Euclidean_MDC: 0.755 ± 0.004
Mean Specificity for Euclidean_MDC: 0.709 ± 0.004
Mean F1-score for Euclidean_MDC: 0.787 ± 0.004
Mean Sensitivity (Recall) for Euclidean_MDC: 0.790 ± 0.007


#########################################################################


Mean Accuracy for Euclidean_MDC: 0.757 ± 0.005
Mean Specificity for Euclidean_MDC: 0.718 ± 0.018
Mean F1-score for Euclidean_MDC: 0.787 ± 0.006
Mean Sensitivity (Recall) for Euclidean_MDC: 0.786 ± 0.014


#########################################################################


Mean Accuracy for Euclidean_MDC: 0.754 ± 0.003
Mean Specificity for Euclidean_MDC: 0.707 ± 0.005
Mean F1-score for Euclidean_MDC: 0.786 ± 0.003
Mean Sensitivity (Recall) for Euclidean_MDC: 0.789 ± 0.006


#########################################################################


Mean Accuracy for Euclidean_MDC: 0.753 ± 0.002
Mean Specificity for Euclidean_MDC: 0.707 ± 0.004
Mean F1-score for Euclidean_MDC: 0.785 ± 0.003
Mean Sensitivity (Recall) for Euclidean_MDC: 0.788 ± 0.003


#########################################################################


Mean Accuracy for Euclidean_MDC: 0.755 ± 0.004
Mean Specificity for Euclidean_MDC: 0.708 ± 0.004
Mean F1-score for Euclidean_MDC: 0.787 ± 0.004
Mean Sensitivity (Recall) for Euclidean_MDC: 0.790 ± 0.006


#########################################################################


Mean Accuracy for Euclidean_MDC: 0.753 ± 0.002
Mean Specificity for Euclidean_MDC: 0.707 ± 0.003
Mean F1-score for Euclidean_MDC: 0.785 ± 0.002
Mean Sensitivity (Recall) for Euclidean_MDC: 0.788 ± 0.004


#########################################################################


Mean Accuracy for Mahalanobis_MDC: 0.999 ± 0.000
Mean Specificity for Mahalanobis_MDC: 0.999 ± 0.000
Mean F1-score for Mahalanobis_MDC: 0.999 ± 0.000
Mean Sensitivity (Recall) for Mahalanobis_MDC: 0.999 ± 0.000


#########################################################################


Mean Accuracy for Mahalanobis_MDC: 0.999 ± 0.000
Mean Specificity for Mahalanobis_MDC: 0.999 ± 0.000
Mean F1-score for Mahalanobis_MDC: 0.999 ± 0.000
Mean Sensitivity (Recall) for Mahalanobis_MDC: 0.999 ± 0.000


#########################################################################


Mean Accuracy for Mahalanobis_MDC: 0.999 ± 0.000
Mean Specificity for Mahalanobis_MDC: 0.999 ± 0.000
Mean F1-score for Mahalanobis_MDC: 0.999 ± 0.000
Mean Sensitivity (Recall) for Mahalanobis_MDC: 0.999 ± 0.000


#########################################################################


Mean Accuracy for Mahalanobis_MDC: 0.999 ± 0.000
Mean Specificity for Mahalanobis_MDC: 0.999 ± 0.000
Mean F1-score for Mahalanobis_MDC: 0.999 ± 0.000
Mean Sensitivity (Recall) for Mahalanobis_MDC: 0.999 ± 0.000


#########################################################################


Mean Accuracy for Mahalanobis_MDC: 0.999 ± 0.000
Mean Specificity for Mahalanobis_MDC: 0.999 ± 0.000
Mean F1-score for Mahalanobis_MDC: 0.999 ± 0.000
Mean Sensitivity (Recall) for Mahalanobis_MDC: 0.999 ± 0.000


#########################################################################


Mean Accuracy for Mahalanobis_MDC: 0.999 ± 0.000
Mean Specificity for Mahalanobis_MDC: 0.999 ± 0.000
Mean F1-score for Mahalanobis_MDC: 0.999 ± 0.000
Mean Sensitivity (Recall) for Mahalanobis_MDC: 0.999 ± 0.000


#########################################################################


Mean Accuracy for Mahalanobis_MDC: 0.999 ± 0.000
Mean Specificity for Mahalanobis_MDC: 0.999 ± 0.000
Mean F1-score for Mahalanobis_MDC: 0.999 ± 0.000
Mean Sensitivity (Recall) for Mahalanobis_MDC: 0.999 ± 0.000


#########################################################################


Mean Accuracy for Mahalanobis_MDC: 0.999 ± 0.000
Mean Specificity for Mahalanobis_MDC: 0.999 ± 0.000
Mean F1-score for Mahalanobis_MDC: 0.999 ± 0.000
Mean Sensitivity (Recall) for Mahalanobis_MDC: 0.999 ± 0.000


#########################################################################


Mean Accuracy for Mahalanobis_MDC: 0.999 ± 0.000
Mean Specificity for Mahalanobis_MDC: 0.999 ± 0.000
Mean F1-score for Mahalanobis_MDC: 0.999 ± 0.000
Mean Sensitivity (Recall) for Mahalanobis_MDC: 0.999 ± 0.000


#########################################################################


Mean Accuracy for Mahalanobis_MDC: 0.999 ± 0.000
Mean Specificity for Mahalanobis_MDC: 0.999 ± 0.000
Mean F1-score for Mahalanobis_MDC: 0.999 ± 0.000
Mean Sensitivity (Recall) for Mahalanobis_MDC: 0.999 ± 0.000


#########################################################################


Mean Accuracy for LDA_Fisher_MDC: 0.970 ± 0.002
Mean Specificity for LDA_Fisher_MDC: 0.929 ± 0.005
Mean F1-score for LDA_Fisher_MDC: 0.974 ± 0.002
Mean Sensitivity (Recall) for LDA_Fisher_MDC: 1.000 ± 0.000


#########################################################################


Mean Accuracy for LDA_Fisher_MDC: 0.969 ± 0.002
Mean Specificity for LDA_Fisher_MDC: 0.929 ± 0.006
Mean F1-score for LDA_Fisher_MDC: 0.974 ± 0.002
Mean Sensitivity (Recall) for LDA_Fisher_MDC: 1.000 ± 0.000


#########################################################################


Mean Accuracy for LDA_Fisher_MDC: 0.970 ± 0.002
Mean Specificity for LDA_Fisher_MDC: 0.929 ± 0.005
Mean F1-score for LDA_Fisher_MDC: 0.974 ± 0.002
Mean Sensitivity (Recall) for LDA_Fisher_MDC: 1.000 ± 0.000


#########################################################################


Mean Accuracy for LDA_Fisher_MDC: 0.969 ± 0.003
Mean Specificity for LDA_Fisher_MDC: 0.929 ± 0.006
Mean F1-score for LDA_Fisher_MDC: 0.974 ± 0.002
Mean Sensitivity (Recall) for LDA_Fisher_MDC: 1.000 ± 0.000


#########################################################################


Mean Accuracy for LDA_Fisher_MDC: 0.970 ± 0.003
Mean Specificity for LDA_Fisher_MDC: 0.930 ± 0.007
Mean F1-score for LDA_Fisher_MDC: 0.974 ± 0.002
Mean Sensitivity (Recall) for LDA_Fisher_MDC: 1.000 ± 0.000


#########################################################################


Mean Accuracy for LDA_Fisher_MDC: 0.969 ± 0.003
Mean Specificity for LDA_Fisher_MDC: 0.929 ± 0.007
Mean F1-score for LDA_Fisher_MDC: 0.974 ± 0.002
Mean Sensitivity (Recall) for LDA_Fisher_MDC: 1.000 ± 0.000


#########################################################################


Mean Accuracy for LDA_Fisher_MDC: 0.969 ± 0.002
Mean Specificity for LDA_Fisher_MDC: 0.929 ± 0.005
Mean F1-score for LDA_Fisher_MDC: 0.974 ± 0.002
Mean Sensitivity (Recall) for LDA_Fisher_MDC: 1.000 ± 0.000


#########################################################################


Mean Accuracy for LDA_Fisher_MDC: 0.969 ± 0.003
Mean Specificity for LDA_Fisher_MDC: 0.929 ± 0.006
Mean F1-score for LDA_Fisher_MDC: 0.974 ± 0.002
Mean Sensitivity (Recall) for LDA_Fisher_MDC: 1.000 ± 0.000


#########################################################################


Mean Accuracy for LDA_Fisher_MDC: 0.970 ± 0.002
Mean Specificity for LDA_Fisher_MDC: 0.929 ± 0.005
Mean F1-score for LDA_Fisher_MDC: 0.974 ± 0.002
Mean Sensitivity (Recall) for LDA_Fisher_MDC: 1.000 ± 0.000


#########################################################################


Mean Accuracy for LDA_Fisher_MDC: 0.970 ± 0.002
Mean Specificity for LDA_Fisher_MDC: 0.929 ± 0.004
Mean F1-score for LDA_Fisher_MDC: 0.974 ± 0.001
Mean Sensitivity (Recall) for LDA_Fisher_MDC: 1.000 ± 0.000


#########################################################################


Mean Accuracy for Bayes_Classifier: 0.883 ± 0.019
Mean Specificity for Bayes_Classifier: 0.999 ± 0.000
Mean F1-score for Bayes_Classifier: 0.886 ± 0.021
Mean Sensitivity (Recall) for Bayes_Classifier: 0.797 ± 0.034


#########################################################################


Mean Accuracy for Bayes_Classifier: 0.883 ± 0.015
Mean Specificity for Bayes_Classifier: 0.999 ± 0.000
Mean F1-score for Bayes_Classifier: 0.886 ± 0.016
Mean Sensitivity (Recall) for Bayes_Classifier: 0.797 ± 0.026


#########################################################################


Mean Accuracy for Bayes_Classifier: 0.883 ± 0.015
Mean Specificity for Bayes_Classifier: 0.999 ± 0.000
Mean F1-score for Bayes_Classifier: 0.886 ± 0.015
Mean Sensitivity (Recall) for Bayes_Classifier: 0.796 ± 0.025


#########################################################################


Mean Accuracy for Bayes_Classifier: 0.880 ± 0.024
Mean Specificity for Bayes_Classifier: 0.999 ± 0.000
Mean F1-score for Bayes_Classifier: 0.883 ± 0.025
Mean Sensitivity (Recall) for Bayes_Classifier: 0.791 ± 0.042


#########################################################################


Mean Accuracy for Bayes_Classifier: 0.882 ± 0.023
Mean Specificity for Bayes_Classifier: 0.999 ± 0.000
Mean F1-score for Bayes_Classifier: 0.884 ± 0.025
Mean Sensitivity (Recall) for Bayes_Classifier: 0.794 ± 0.041


#########################################################################


Mean Accuracy for Bayes_Classifier: 0.885 ± 0.021
Mean Specificity for Bayes_Classifier: 0.999 ± 0.000
Mean F1-score for Bayes_Classifier: 0.888 ± 0.022
Mean Sensitivity (Recall) for Bayes_Classifier: 0.799 ± 0.036


#########################################################################


Mean Accuracy for Bayes_Classifier: 0.885 ± 0.013
Mean Specificity for Bayes_Classifier: 0.999 ± 0.000
Mean F1-score for Bayes_Classifier: 0.888 ± 0.014
Mean Sensitivity (Recall) for Bayes_Classifier: 0.800 ± 0.023


#########################################################################


Mean Accuracy for Bayes_Classifier: 0.886 ± 0.012
Mean Specificity for Bayes_Classifier: 0.999 ± 0.000
Mean F1-score for Bayes_Classifier: 0.889 ± 0.014
Mean Sensitivity (Recall) for Bayes_Classifier: 0.801 ± 0.023


#########################################################################


Mean Accuracy for Bayes_Classifier: 0.885 ± 0.015
Mean Specificity for Bayes_Classifier: 0.999 ± 0.000
Mean F1-score for Bayes_Classifier: 0.888 ± 0.016
Mean Sensitivity (Recall) for Bayes_Classifier: 0.800 ± 0.026


#########################################################################


Mean Accuracy for Bayes_Classifier: 0.882 ± 0.025
Mean Specificity for Bayes_Classifier: 0.999 ± 0.000
Mean F1-score for Bayes_Classifier: 0.884 ± 0.027
Mean Sensitivity (Recall) for Bayes_Classifier: 0.794 ± 0.044


#########################################################################


Mean Accuracy for KNN_Classifier: 0.999 ± 0.000
Mean Specificity for KNN_Classifier: 0.999 ± 0.000
Mean F1-score for KNN_Classifier: 0.999 ± 0.000
Mean Sensitivity (Recall) for KNN_Classifier: 1.000 ± 0.000


#########################################################################


Mean Accuracy for KNN_Classifier: 0.999 ± 0.000
Mean Specificity for KNN_Classifier: 0.999 ± 0.000
Mean F1-score for KNN_Classifier: 0.999 ± 0.000
Mean Sensitivity (Recall) for KNN_Classifier: 1.000 ± 0.000


#########################################################################


Mean Accuracy for KNN_Classifier: 0.999 ± 0.000
Mean Specificity for KNN_Classifier: 0.999 ± 0.000
Mean F1-score for KNN_Classifier: 0.999 ± 0.000
Mean Sensitivity (Recall) for KNN_Classifier: 1.000 ± 0.000


#########################################################################


Mean Accuracy for KNN_Classifier: 0.999 ± 0.000
Mean Specificity for KNN_Classifier: 0.999 ± 0.000
Mean F1-score for KNN_Classifier: 0.999 ± 0.000
Mean Sensitivity (Recall) for KNN_Classifier: 1.000 ± 0.000


#########################################################################


Mean Accuracy for KNN_Classifier: 0.999 ± 0.000
Mean Specificity for KNN_Classifier: 0.999 ± 0.000
Mean F1-score for KNN_Classifier: 0.999 ± 0.000
Mean Sensitivity (Recall) for KNN_Classifier: 1.000 ± 0.000


#########################################################################


Mean Accuracy for KNN_Classifier: 0.999 ± 0.000
Mean Specificity for KNN_Classifier: 0.999 ± 0.000
Mean F1-score for KNN_Classifier: 0.999 ± 0.000
Mean Sensitivity (Recall) for KNN_Classifier: 1.000 ± 0.000


#########################################################################


Mean Accuracy for KNN_Classifier: 0.999 ± 0.000
Mean Specificity for KNN_Classifier: 0.999 ± 0.000
Mean F1-score for KNN_Classifier: 0.999 ± 0.000
Mean Sensitivity (Recall) for KNN_Classifier: 1.000 ± 0.000


#########################################################################


Mean Accuracy for KNN_Classifier: 0.999 ± 0.000
Mean Specificity for KNN_Classifier: 0.999 ± 0.000
Mean F1-score for KNN_Classifier: 0.999 ± 0.000
Mean Sensitivity (Recall) for KNN_Classifier: 1.000 ± 0.000


#########################################################################


Mean Accuracy for KNN_Classifier: 0.999 ± 0.000
Mean Specificity for KNN_Classifier: 0.999 ± 0.000
Mean F1-score for KNN_Classifier: 0.999 ± 0.000
Mean Sensitivity (Recall) for KNN_Classifier: 1.000 ± 0.000


#########################################################################


Mean Accuracy for KNN_Classifier: 0.999 ± 0.000
Mean Specificity for KNN_Classifier: 0.999 ± 0.000
Mean F1-score for KNN_Classifier: 0.999 ± 0.000
Mean Sensitivity (Recall) for KNN_Classifier: 1.000 ± 0.000


#########################################################################


Mean Accuracy for SVM_Classifier: 0.996 ± 0.000
Mean Specificity for SVM_Classifier: 0.992 ± 0.000
Mean F1-score for SVM_Classifier: 0.997 ± 0.000
Mean Sensitivity (Recall) for SVM_Classifier: 1.000 ± 0.000


#########################################################################


Mean Accuracy for SVM_Classifier: 0.996 ± 0.000
Mean Specificity for SVM_Classifier: 0.992 ± 0.000
Mean F1-score for SVM_Classifier: 0.997 ± 0.000
Mean Sensitivity (Recall) for SVM_Classifier: 1.000 ± 0.000


#########################################################################


Mean Accuracy for SVM_Classifier: 0.996 ± 0.000
Mean Specificity for SVM_Classifier: 0.992 ± 0.000
Mean F1-score for SVM_Classifier: 0.997 ± 0.000
Mean Sensitivity (Recall) for SVM_Classifier: 1.000 ± 0.000


#########################################################################


Mean Accuracy for SVM_Classifier: 0.996 ± 0.000
Mean Specificity for SVM_Classifier: 0.992 ± 0.001
Mean F1-score for SVM_Classifier: 0.997 ± 0.000
Mean Sensitivity (Recall) for SVM_Classifier: 1.000 ± 0.000


#########################################################################


Mean Accuracy for SVM_Classifier: 0.996 ± 0.000
Mean Specificity for SVM_Classifier: 0.992 ± 0.001
Mean F1-score for SVM_Classifier: 0.997 ± 0.000
Mean Sensitivity (Recall) for SVM_Classifier: 1.000 ± 0.000


#########################################################################


Mean Accuracy for SVM_Classifier: 0.996 ± 0.000
Mean Specificity for SVM_Classifier: 0.992 ± 0.001
Mean F1-score for SVM_Classifier: 0.997 ± 0.000
Mean Sensitivity (Recall) for SVM_Classifier: 1.000 ± 0.000


#########################################################################


Mean Accuracy for SVM_Classifier: 0.996 ± 0.000
Mean Specificity for SVM_Classifier: 0.992 ± 0.000
Mean F1-score for SVM_Classifier: 0.997 ± 0.000
Mean Sensitivity (Recall) for SVM_Classifier: 1.000 ± 0.000


#########################################################################


Mean Accuracy for SVM_Classifier: 0.996 ± 0.000
Mean Specificity for SVM_Classifier: 0.992 ± 0.001
Mean F1-score for SVM_Classifier: 0.997 ± 0.000
Mean Sensitivity (Recall) for SVM_Classifier: 1.000 ± 0.000


#########################################################################


Mean Accuracy for SVM_Classifier: 0.996 ± 0.000
Mean Specificity for SVM_Classifier: 0.992 ± 0.001
Mean F1-score for SVM_Classifier: 0.997 ± 0.000
Mean Sensitivity (Recall) for SVM_Classifier: 1.000 ± 0.000


#########################################################################


Mean Accuracy for SVM_Classifier: 0.996 ± 0.000
Mean Specificity for SVM_Classifier: 0.992 ± 0.000
Mean F1-score for SVM_Classifier: 0.997 ± 0.000
Mean Sensitivity (Recall) for SVM_Classifier: 1.000 ± 0.000


#########################################################################


TESTING CLASSIFIERS FOR DATASET KW_LDA...
TESTING KNN...
Best k = 15
Minimum Average Error = 0.72%
TESTING SVM...
Best C = 0.01
Minimum Average Error = 3.42%
Mean Accuracy for Euclidean_MDC: 0.971 ± 0.001
Mean Specificity for Euclidean_MDC: 0.933 ± 0.001
Mean F1-score for Euclidean_MDC: 0.976 ± 0.000
Mean Sensitivity (Recall) for Euclidean_MDC: 1.000 ± 0.000


#########################################################################


Mean Accuracy for Euclidean_MDC: 0.971 ± 0.001
Mean Specificity for Euclidean_MDC: 0.933 ± 0.002
Mean F1-score for Euclidean_MDC: 0.976 ± 0.000
Mean Sensitivity (Recall) for Euclidean_MDC: 1.000 ± 0.000


#########################################################################


Mean Accuracy for Euclidean_MDC: 0.971 ± 0.001
Mean Specificity for Euclidean_MDC: 0.933 ± 0.002
Mean F1-score for Euclidean_MDC: 0.976 ± 0.001
Mean Sensitivity (Recall) for Euclidean_MDC: 1.000 ± 0.000


#########################################################################


Mean Accuracy for Euclidean_MDC: 0.971 ± 0.001
Mean Specificity for Euclidean_MDC: 0.933 ± 0.002
Mean F1-score for Euclidean_MDC: 0.976 ± 0.001
Mean Sensitivity (Recall) for Euclidean_MDC: 1.000 ± 0.000


#########################################################################


Mean Accuracy for Euclidean_MDC: 0.971 ± 0.001
Mean Specificity for Euclidean_MDC: 0.933 ± 0.002
Mean F1-score for Euclidean_MDC: 0.976 ± 0.001
Mean Sensitivity (Recall) for Euclidean_MDC: 1.000 ± 0.000


#########################################################################


Mean Accuracy for Euclidean_MDC: 0.971 ± 0.001
Mean Specificity for Euclidean_MDC: 0.933 ± 0.001
Mean F1-score for Euclidean_MDC: 0.976 ± 0.001
Mean Sensitivity (Recall) for Euclidean_MDC: 1.000 ± 0.000


#########################################################################


Mean Accuracy for Euclidean_MDC: 0.971 ± 0.001
Mean Specificity for Euclidean_MDC: 0.933 ± 0.001
Mean F1-score for Euclidean_MDC: 0.976 ± 0.000
Mean Sensitivity (Recall) for Euclidean_MDC: 1.000 ± 0.000


#########################################################################


Mean Accuracy for Euclidean_MDC: 0.971 ± 0.001
Mean Specificity for Euclidean_MDC: 0.933 ± 0.002
Mean F1-score for Euclidean_MDC: 0.976 ± 0.001
Mean Sensitivity (Recall) for Euclidean_MDC: 1.000 ± 0.000


#########################################################################


Mean Accuracy for Euclidean_MDC: 0.971 ± 0.000
Mean Specificity for Euclidean_MDC: 0.933 ± 0.001
Mean F1-score for Euclidean_MDC: 0.976 ± 0.000
Mean Sensitivity (Recall) for Euclidean_MDC: 1.000 ± 0.000


#########################################################################


Mean Accuracy for Euclidean_MDC: 0.971 ± 0.000
Mean Specificity for Euclidean_MDC: 0.933 ± 0.001
Mean F1-score for Euclidean_MDC: 0.976 ± 0.000
Mean Sensitivity (Recall) for Euclidean_MDC: 1.000 ± 0.000


#########################################################################


Mean Accuracy for Mahalanobis_MDC: 0.992 ± 0.000
Mean Specificity for Mahalanobis_MDC: 0.987 ± 0.001
Mean F1-score for Mahalanobis_MDC: 0.993 ± 0.000
Mean Sensitivity (Recall) for Mahalanobis_MDC: 0.996 ± 0.001


#########################################################################


Mean Accuracy for Mahalanobis_MDC: 0.992 ± 0.000
Mean Specificity for Mahalanobis_MDC: 0.987 ± 0.001
Mean F1-score for Mahalanobis_MDC: 0.993 ± 0.000
Mean Sensitivity (Recall) for Mahalanobis_MDC: 0.996 ± 0.001


#########################################################################


Mean Accuracy for Mahalanobis_MDC: 0.992 ± 0.000
Mean Specificity for Mahalanobis_MDC: 0.987 ± 0.000
Mean F1-score for Mahalanobis_MDC: 0.993 ± 0.000
Mean Sensitivity (Recall) for Mahalanobis_MDC: 0.996 ± 0.001


#########################################################################


Mean Accuracy for Mahalanobis_MDC: 0.992 ± 0.001
Mean Specificity for Mahalanobis_MDC: 0.987 ± 0.001
Mean F1-score for Mahalanobis_MDC: 0.993 ± 0.000
Mean Sensitivity (Recall) for Mahalanobis_MDC: 0.996 ± 0.000


#########################################################################


Mean Accuracy for Mahalanobis_MDC: 0.992 ± 0.000
Mean Specificity for Mahalanobis_MDC: 0.987 ± 0.000
Mean F1-score for Mahalanobis_MDC: 0.993 ± 0.000
Mean Sensitivity (Recall) for Mahalanobis_MDC: 0.996 ± 0.001


#########################################################################


Mean Accuracy for Mahalanobis_MDC: 0.992 ± 0.000
Mean Specificity for Mahalanobis_MDC: 0.987 ± 0.001
Mean F1-score for Mahalanobis_MDC: 0.993 ± 0.000
Mean Sensitivity (Recall) for Mahalanobis_MDC: 0.996 ± 0.000


#########################################################################


Mean Accuracy for Mahalanobis_MDC: 0.992 ± 0.000
Mean Specificity for Mahalanobis_MDC: 0.987 ± 0.001
Mean F1-score for Mahalanobis_MDC: 0.993 ± 0.000
Mean Sensitivity (Recall) for Mahalanobis_MDC: 0.996 ± 0.001


#########################################################################


Mean Accuracy for Mahalanobis_MDC: 0.992 ± 0.000
Mean Specificity for Mahalanobis_MDC: 0.987 ± 0.000
Mean F1-score for Mahalanobis_MDC: 0.993 ± 0.000
Mean Sensitivity (Recall) for Mahalanobis_MDC: 0.996 ± 0.001


#########################################################################


Mean Accuracy for Mahalanobis_MDC: 0.992 ± 0.000
Mean Specificity for Mahalanobis_MDC: 0.987 ± 0.001
Mean F1-score for Mahalanobis_MDC: 0.993 ± 0.000
Mean Sensitivity (Recall) for Mahalanobis_MDC: 0.996 ± 0.001


#########################################################################


Mean Accuracy for Mahalanobis_MDC: 0.992 ± 0.000
Mean Specificity for Mahalanobis_MDC: 0.987 ± 0.001
Mean F1-score for Mahalanobis_MDC: 0.993 ± 0.000
Mean Sensitivity (Recall) for Mahalanobis_MDC: 0.996 ± 0.001


#########################################################################


Mean Accuracy for Bayes_Classifier: 0.991 ± 0.000
Mean Specificity for Bayes_Classifier: 0.981 ± 0.001
Mean F1-score for Bayes_Classifier: 0.992 ± 0.000
Mean Sensitivity (Recall) for Bayes_Classifier: 0.999 ± 0.001


#########################################################################


Mean Accuracy for Bayes_Classifier: 0.991 ± 0.000
Mean Specificity for Bayes_Classifier: 0.982 ± 0.001
Mean F1-score for Bayes_Classifier: 0.992 ± 0.000
Mean Sensitivity (Recall) for Bayes_Classifier: 0.999 ± 0.000


#########################################################################


Mean Accuracy for Bayes_Classifier: 0.991 ± 0.000
Mean Specificity for Bayes_Classifier: 0.981 ± 0.001
Mean F1-score for Bayes_Classifier: 0.992 ± 0.000
Mean Sensitivity (Recall) for Bayes_Classifier: 0.999 ± 0.000


#########################################################################


Mean Accuracy for Bayes_Classifier: 0.991 ± 0.000
Mean Specificity for Bayes_Classifier: 0.981 ± 0.001
Mean F1-score for Bayes_Classifier: 0.992 ± 0.000
Mean Sensitivity (Recall) for Bayes_Classifier: 0.999 ± 0.000


#########################################################################


Mean Accuracy for Bayes_Classifier: 0.991 ± 0.000
Mean Specificity for Bayes_Classifier: 0.981 ± 0.001
Mean F1-score for Bayes_Classifier: 0.992 ± 0.000
Mean Sensitivity (Recall) for Bayes_Classifier: 0.999 ± 0.000


#########################################################################


Mean Accuracy for Bayes_Classifier: 0.991 ± 0.000
Mean Specificity for Bayes_Classifier: 0.981 ± 0.001
Mean F1-score for Bayes_Classifier: 0.992 ± 0.000
Mean Sensitivity (Recall) for Bayes_Classifier: 0.999 ± 0.001


#########################################################################


Mean Accuracy for Bayes_Classifier: 0.991 ± 0.000
Mean Specificity for Bayes_Classifier: 0.981 ± 0.001
Mean F1-score for Bayes_Classifier: 0.992 ± 0.000
Mean Sensitivity (Recall) for Bayes_Classifier: 0.999 ± 0.000


#########################################################################


Mean Accuracy for Bayes_Classifier: 0.991 ± 0.001
Mean Specificity for Bayes_Classifier: 0.981 ± 0.002
Mean F1-score for Bayes_Classifier: 0.992 ± 0.001
Mean Sensitivity (Recall) for Bayes_Classifier: 0.999 ± 0.000


#########################################################################


Mean Accuracy for Bayes_Classifier: 0.991 ± 0.000
Mean Specificity for Bayes_Classifier: 0.981 ± 0.001
Mean F1-score for Bayes_Classifier: 0.992 ± 0.000
Mean Sensitivity (Recall) for Bayes_Classifier: 0.999 ± 0.000


#########################################################################


Mean Accuracy for Bayes_Classifier: 0.991 ± 0.000
Mean Specificity for Bayes_Classifier: 0.981 ± 0.001
Mean F1-score for Bayes_Classifier: 0.992 ± 0.000
Mean Sensitivity (Recall) for Bayes_Classifier: 0.999 ± 0.000


#########################################################################


Mean Accuracy for KNN_Classifier: 0.993 ± 0.000
Mean Specificity for KNN_Classifier: 0.986 ± 0.001
Mean F1-score for KNN_Classifier: 0.994 ± 0.000
Mean Sensitivity (Recall) for KNN_Classifier: 0.998 ± 0.000


#########################################################################


Mean Accuracy for KNN_Classifier: 0.993 ± 0.000
Mean Specificity for KNN_Classifier: 0.986 ± 0.001
Mean F1-score for KNN_Classifier: 0.994 ± 0.000
Mean Sensitivity (Recall) for KNN_Classifier: 0.998 ± 0.000


#########################################################################


Mean Accuracy for KNN_Classifier: 0.993 ± 0.000
Mean Specificity for KNN_Classifier: 0.986 ± 0.001
Mean F1-score for KNN_Classifier: 0.994 ± 0.000
Mean Sensitivity (Recall) for KNN_Classifier: 0.998 ± 0.000


#########################################################################


Mean Accuracy for KNN_Classifier: 0.993 ± 0.000
Mean Specificity for KNN_Classifier: 0.986 ± 0.000
Mean F1-score for KNN_Classifier: 0.994 ± 0.000
Mean Sensitivity (Recall) for KNN_Classifier: 0.998 ± 0.000


#########################################################################


Mean Accuracy for KNN_Classifier: 0.993 ± 0.000
Mean Specificity for KNN_Classifier: 0.986 ± 0.001
Mean F1-score for KNN_Classifier: 0.994 ± 0.000
Mean Sensitivity (Recall) for KNN_Classifier: 0.998 ± 0.000


#########################################################################


Mean Accuracy for KNN_Classifier: 0.993 ± 0.000
Mean Specificity for KNN_Classifier: 0.986 ± 0.001
Mean F1-score for KNN_Classifier: 0.994 ± 0.000
Mean Sensitivity (Recall) for KNN_Classifier: 0.998 ± 0.000


#########################################################################


Mean Accuracy for KNN_Classifier: 0.993 ± 0.000
Mean Specificity for KNN_Classifier: 0.986 ± 0.001
Mean F1-score for KNN_Classifier: 0.994 ± 0.000
Mean Sensitivity (Recall) for KNN_Classifier: 0.998 ± 0.000


#########################################################################


Mean Accuracy for KNN_Classifier: 0.993 ± 0.000
Mean Specificity for KNN_Classifier: 0.986 ± 0.001
Mean F1-score for KNN_Classifier: 0.994 ± 0.000
Mean Sensitivity (Recall) for KNN_Classifier: 0.998 ± 0.000


#########################################################################


Mean Accuracy for KNN_Classifier: 0.993 ± 0.001
Mean Specificity for KNN_Classifier: 0.986 ± 0.001
Mean F1-score for KNN_Classifier: 0.994 ± 0.000
Mean Sensitivity (Recall) for KNN_Classifier: 0.998 ± 0.000


#########################################################################


Mean Accuracy for KNN_Classifier: 0.993 ± 0.000
Mean Specificity for KNN_Classifier: 0.986 ± 0.000
Mean F1-score for KNN_Classifier: 0.994 ± 0.000
Mean Sensitivity (Recall) for KNN_Classifier: 0.998 ± 0.000


#########################################################################


Mean Accuracy for SVM_Classifier: 0.993 ± 0.000
Mean Specificity for SVM_Classifier: 0.984 ± 0.001
Mean F1-score for SVM_Classifier: 0.994 ± 0.000
Mean Sensitivity (Recall) for SVM_Classifier: 0.999 ± 0.000


#########################################################################


Mean Accuracy for SVM_Classifier: 0.993 ± 0.000
Mean Specificity for SVM_Classifier: 0.984 ± 0.001
Mean F1-score for SVM_Classifier: 0.994 ± 0.000
Mean Sensitivity (Recall) for SVM_Classifier: 0.999 ± 0.000


#########################################################################


Mean Accuracy for SVM_Classifier: 0.993 ± 0.000
Mean Specificity for SVM_Classifier: 0.984 ± 0.001
Mean F1-score for SVM_Classifier: 0.994 ± 0.000
Mean Sensitivity (Recall) for SVM_Classifier: 0.999 ± 0.000


#########################################################################


Mean Accuracy for SVM_Classifier: 0.993 ± 0.000
Mean Specificity for SVM_Classifier: 0.984 ± 0.001
Mean F1-score for SVM_Classifier: 0.994 ± 0.000
Mean Sensitivity (Recall) for SVM_Classifier: 0.999 ± 0.000


#########################################################################


Mean Accuracy for SVM_Classifier: 0.993 ± 0.000
Mean Specificity for SVM_Classifier: 0.984 ± 0.001
Mean F1-score for SVM_Classifier: 0.994 ± 0.000
Mean Sensitivity (Recall) for SVM_Classifier: 0.999 ± 0.000


#########################################################################


Mean Accuracy for SVM_Classifier: 0.993 ± 0.000
Mean Specificity for SVM_Classifier: 0.984 ± 0.001
Mean F1-score for SVM_Classifier: 0.994 ± 0.000
Mean Sensitivity (Recall) for SVM_Classifier: 0.999 ± 0.000


#########################################################################


Mean Accuracy for SVM_Classifier: 0.993 ± 0.000
Mean Specificity for SVM_Classifier: 0.984 ± 0.001
Mean F1-score for SVM_Classifier: 0.994 ± 0.000
Mean Sensitivity (Recall) for SVM_Classifier: 0.999 ± 0.000


#########################################################################


Mean Accuracy for SVM_Classifier: 0.993 ± 0.000
Mean Specificity for SVM_Classifier: 0.984 ± 0.001
Mean F1-score for SVM_Classifier: 0.994 ± 0.000
Mean Sensitivity (Recall) for SVM_Classifier: 0.999 ± 0.000


#########################################################################


Mean Accuracy for SVM_Classifier: 0.993 ± 0.000
Mean Specificity for SVM_Classifier: 0.984 ± 0.001
Mean F1-score for SVM_Classifier: 0.994 ± 0.000
Mean Sensitivity (Recall) for SVM_Classifier: 0.999 ± 0.000


#########################################################################


Mean Accuracy for SVM_Classifier: 0.993 ± 0.000
Mean Specificity for SVM_Classifier: 0.984 ± 0.001
Mean F1-score for SVM_Classifier: 0.994 ± 0.000
Mean Sensitivity (Recall) for SVM_Classifier: 0.999 ± 0.000


#########################################################################




#########################################################################


Performing PCA for AUC...
The main PC contributes to 99.99997447190147% of the variance.
Optimal number of components according to Kaiser: 14
Variance (%) retained accourding to Kaiser: 99.99997447155715
Variance (%) retained accourding to Scree: 99.99999999999864
Shape of dataset after PCA for AUC is: (235795, 14)


#########################################################################


Performing LDA for AUC...
Shape of dataset after LDA is AUC: (235795, 1)


#########################################################################


TESTING CLASSIFIERS FOR DATASET AUC_Natural...
TESTING KNN...
Best k = 5
Minimum Average Error = 0.39%
TESTING SVM...
Best C = 100.0
Minimum Average Error = 0.33%
Mean Accuracy for Euclidean_MDC: 0.778 ± 0.002
Mean Specificity for Euclidean_MDC: 0.805 ± 0.003
Mean F1-score for Euclidean_MDC: 0.796 ± 0.002
Mean Sensitivity (Recall) for Euclidean_MDC: 0.758 ± 0.002


#########################################################################


Mean Accuracy for Euclidean_MDC: 0.778 ± 0.002
Mean Specificity for Euclidean_MDC: 0.805 ± 0.002
Mean F1-score for Euclidean_MDC: 0.796 ± 0.001
Mean Sensitivity (Recall) for Euclidean_MDC: 0.758 ± 0.002


#########################################################################


Mean Accuracy for Euclidean_MDC: 0.778 ± 0.001
Mean Specificity for Euclidean_MDC: 0.805 ± 0.002
Mean F1-score for Euclidean_MDC: 0.796 ± 0.001
Mean Sensitivity (Recall) for Euclidean_MDC: 0.758 ± 0.002


#########################################################################


Mean Accuracy for Euclidean_MDC: 0.778 ± 0.001
Mean Specificity for Euclidean_MDC: 0.805 ± 0.001
Mean F1-score for Euclidean_MDC: 0.796 ± 0.001
Mean Sensitivity (Recall) for Euclidean_MDC: 0.758 ± 0.002


#########################################################################


Mean Accuracy for Euclidean_MDC: 0.778 ± 0.000
Mean Specificity for Euclidean_MDC: 0.805 ± 0.003
Mean F1-score for Euclidean_MDC: 0.796 ± 0.001
Mean Sensitivity (Recall) for Euclidean_MDC: 0.758 ± 0.001


#########################################################################


Mean Accuracy for Euclidean_MDC: 0.778 ± 0.002
Mean Specificity for Euclidean_MDC: 0.805 ± 0.003
Mean F1-score for Euclidean_MDC: 0.796 ± 0.002
Mean Sensitivity (Recall) for Euclidean_MDC: 0.758 ± 0.003


#########################################################################


Mean Accuracy for Euclidean_MDC: 0.778 ± 0.001
Mean Specificity for Euclidean_MDC: 0.805 ± 0.003
Mean F1-score for Euclidean_MDC: 0.796 ± 0.001
Mean Sensitivity (Recall) for Euclidean_MDC: 0.758 ± 0.002


#########################################################################


Mean Accuracy for Euclidean_MDC: 0.778 ± 0.001
Mean Specificity for Euclidean_MDC: 0.805 ± 0.002
Mean F1-score for Euclidean_MDC: 0.796 ± 0.002
Mean Sensitivity (Recall) for Euclidean_MDC: 0.758 ± 0.002


#########################################################################


Mean Accuracy for Euclidean_MDC: 0.778 ± 0.002
Mean Specificity for Euclidean_MDC: 0.805 ± 0.002
Mean F1-score for Euclidean_MDC: 0.796 ± 0.001
Mean Sensitivity (Recall) for Euclidean_MDC: 0.758 ± 0.002


#########################################################################


Mean Accuracy for Euclidean_MDC: 0.778 ± 0.002
Mean Specificity for Euclidean_MDC: 0.805 ± 0.002
Mean F1-score for Euclidean_MDC: 0.796 ± 0.001
Mean Sensitivity (Recall) for Euclidean_MDC: 0.758 ± 0.003


#########################################################################


Mean Accuracy for Mahalanobis_MDC: 0.938 ± 0.002
Mean Specificity for Mahalanobis_MDC: 0.855 ± 0.004
Mean F1-score for Mahalanobis_MDC: 0.948 ± 0.001
Mean Sensitivity (Recall) for Mahalanobis_MDC: 0.999 ± 0.000


#########################################################################


Mean Accuracy for Mahalanobis_MDC: 0.938 ± 0.003
Mean Specificity for Mahalanobis_MDC: 0.855 ± 0.006
Mean F1-score for Mahalanobis_MDC: 0.948 ± 0.002
Mean Sensitivity (Recall) for Mahalanobis_MDC: 1.000 ± 0.000


#########################################################################


Mean Accuracy for Mahalanobis_MDC: 0.938 ± 0.002
Mean Specificity for Mahalanobis_MDC: 0.855 ± 0.004
Mean F1-score for Mahalanobis_MDC: 0.948 ± 0.001
Mean Sensitivity (Recall) for Mahalanobis_MDC: 1.000 ± 0.000


#########################################################################


Mean Accuracy for Mahalanobis_MDC: 0.938 ± 0.001
Mean Specificity for Mahalanobis_MDC: 0.855 ± 0.003
Mean F1-score for Mahalanobis_MDC: 0.948 ± 0.001
Mean Sensitivity (Recall) for Mahalanobis_MDC: 0.999 ± 0.000


#########################################################################


Mean Accuracy for Mahalanobis_MDC: 0.938 ± 0.003
Mean Specificity for Mahalanobis_MDC: 0.855 ± 0.006
Mean F1-score for Mahalanobis_MDC: 0.948 ± 0.002
Mean Sensitivity (Recall) for Mahalanobis_MDC: 1.000 ± 0.000


#########################################################################


Mean Accuracy for Mahalanobis_MDC: 0.938 ± 0.002
Mean Specificity for Mahalanobis_MDC: 0.855 ± 0.004
Mean F1-score for Mahalanobis_MDC: 0.948 ± 0.001
Mean Sensitivity (Recall) for Mahalanobis_MDC: 1.000 ± 0.000


#########################################################################


Mean Accuracy for Mahalanobis_MDC: 0.938 ± 0.002
Mean Specificity for Mahalanobis_MDC: 0.856 ± 0.004
Mean F1-score for Mahalanobis_MDC: 0.948 ± 0.001
Mean Sensitivity (Recall) for Mahalanobis_MDC: 0.999 ± 0.000


#########################################################################


Mean Accuracy for Mahalanobis_MDC: 0.938 ± 0.002
Mean Specificity for Mahalanobis_MDC: 0.855 ± 0.004
Mean F1-score for Mahalanobis_MDC: 0.948 ± 0.001
Mean Sensitivity (Recall) for Mahalanobis_MDC: 1.000 ± 0.000


#########################################################################


Mean Accuracy for Mahalanobis_MDC: 0.938 ± 0.001
Mean Specificity for Mahalanobis_MDC: 0.855 ± 0.002
Mean F1-score for Mahalanobis_MDC: 0.948 ± 0.001
Mean Sensitivity (Recall) for Mahalanobis_MDC: 0.999 ± 0.000


#########################################################################


Mean Accuracy for Mahalanobis_MDC: 0.938 ± 0.002
Mean Specificity for Mahalanobis_MDC: 0.855 ± 0.003
Mean F1-score for Mahalanobis_MDC: 0.948 ± 0.001
Mean Sensitivity (Recall) for Mahalanobis_MDC: 1.000 ± 0.000


#########################################################################


Mean Accuracy for LDA_Fisher_MDC: 0.971 ± 0.002
Mean Specificity for LDA_Fisher_MDC: 0.931 ± 0.005
Mean F1-score for LDA_Fisher_MDC: 0.975 ± 0.002
Mean Sensitivity (Recall) for LDA_Fisher_MDC: 1.000 ± 0.000


#########################################################################


Mean Accuracy for LDA_Fisher_MDC: 0.971 ± 0.002
Mean Specificity for LDA_Fisher_MDC: 0.931 ± 0.005
Mean F1-score for LDA_Fisher_MDC: 0.975 ± 0.002
Mean Sensitivity (Recall) for LDA_Fisher_MDC: 1.000 ± 0.000


#########################################################################


Mean Accuracy for LDA_Fisher_MDC: 0.971 ± 0.002
Mean Specificity for LDA_Fisher_MDC: 0.932 ± 0.005
Mean F1-score for LDA_Fisher_MDC: 0.975 ± 0.002
Mean Sensitivity (Recall) for LDA_Fisher_MDC: 1.000 ± 0.000


#########################################################################


Mean Accuracy for LDA_Fisher_MDC: 0.971 ± 0.003
Mean Specificity for LDA_Fisher_MDC: 0.931 ± 0.006
Mean F1-score for LDA_Fisher_MDC: 0.975 ± 0.002
Mean Sensitivity (Recall) for LDA_Fisher_MDC: 1.000 ± 0.000


#########################################################################


Mean Accuracy for LDA_Fisher_MDC: 0.971 ± 0.002
Mean Specificity for LDA_Fisher_MDC: 0.932 ± 0.006
Mean F1-score for LDA_Fisher_MDC: 0.975 ± 0.002
Mean Sensitivity (Recall) for LDA_Fisher_MDC: 1.000 ± 0.000


#########################################################################


Mean Accuracy for LDA_Fisher_MDC: 0.971 ± 0.003
Mean Specificity for LDA_Fisher_MDC: 0.931 ± 0.006
Mean F1-score for LDA_Fisher_MDC: 0.975 ± 0.002
Mean Sensitivity (Recall) for LDA_Fisher_MDC: 1.000 ± 0.000


#########################################################################


Mean Accuracy for LDA_Fisher_MDC: 0.971 ± 0.003
Mean Specificity for LDA_Fisher_MDC: 0.932 ± 0.006
Mean F1-score for LDA_Fisher_MDC: 0.975 ± 0.002
Mean Sensitivity (Recall) for LDA_Fisher_MDC: 1.000 ± 0.000


#########################################################################


Mean Accuracy for LDA_Fisher_MDC: 0.970 ± 0.002
Mean Specificity for LDA_Fisher_MDC: 0.931 ± 0.005
Mean F1-score for LDA_Fisher_MDC: 0.975 ± 0.002
Mean Sensitivity (Recall) for LDA_Fisher_MDC: 1.000 ± 0.000


#########################################################################


Mean Accuracy for LDA_Fisher_MDC: 0.971 ± 0.002
Mean Specificity for LDA_Fisher_MDC: 0.931 ± 0.005
Mean F1-score for LDA_Fisher_MDC: 0.975 ± 0.002
Mean Sensitivity (Recall) for LDA_Fisher_MDC: 1.000 ± 0.000


#########################################################################


Mean Accuracy for LDA_Fisher_MDC: 0.971 ± 0.002
Mean Specificity for LDA_Fisher_MDC: 0.931 ± 0.005
Mean F1-score for LDA_Fisher_MDC: 0.975 ± 0.002
Mean Sensitivity (Recall) for LDA_Fisher_MDC: 1.000 ± 0.000


#########################################################################


Mean Accuracy for Bayes_Classifier: 0.996 ± 0.000
Mean Specificity for Bayes_Classifier: 0.992 ± 0.000
Mean F1-score for Bayes_Classifier: 0.996 ± 0.000
Mean Sensitivity (Recall) for Bayes_Classifier: 0.998 ± 0.000


#########################################################################


Mean Accuracy for Bayes_Classifier: 0.996 ± 0.000
Mean Specificity for Bayes_Classifier: 0.992 ± 0.000
Mean F1-score for Bayes_Classifier: 0.996 ± 0.000
Mean Sensitivity (Recall) for Bayes_Classifier: 0.998 ± 0.000


#########################################################################


Mean Accuracy for Bayes_Classifier: 0.996 ± 0.000
Mean Specificity for Bayes_Classifier: 0.992 ± 0.001
Mean F1-score for Bayes_Classifier: 0.996 ± 0.000
Mean Sensitivity (Recall) for Bayes_Classifier: 0.998 ± 0.000


#########################################################################


Mean Accuracy for Bayes_Classifier: 0.996 ± 0.000
Mean Specificity for Bayes_Classifier: 0.992 ± 0.001
Mean F1-score for Bayes_Classifier: 0.996 ± 0.000
Mean Sensitivity (Recall) for Bayes_Classifier: 0.998 ± 0.000


#########################################################################


Mean Accuracy for Bayes_Classifier: 0.996 ± 0.000
Mean Specificity for Bayes_Classifier: 0.992 ± 0.000
Mean F1-score for Bayes_Classifier: 0.996 ± 0.000
Mean Sensitivity (Recall) for Bayes_Classifier: 0.998 ± 0.000


#########################################################################


Mean Accuracy for Bayes_Classifier: 0.995 ± 0.000
Mean Specificity for Bayes_Classifier: 0.992 ± 0.000
Mean F1-score for Bayes_Classifier: 0.996 ± 0.000
Mean Sensitivity (Recall) for Bayes_Classifier: 0.998 ± 0.000


#########################################################################


Mean Accuracy for Bayes_Classifier: 0.996 ± 0.000
Mean Specificity for Bayes_Classifier: 0.992 ± 0.001
Mean F1-score for Bayes_Classifier: 0.996 ± 0.000
Mean Sensitivity (Recall) for Bayes_Classifier: 0.998 ± 0.000


#########################################################################


Mean Accuracy for Bayes_Classifier: 0.995 ± 0.000
Mean Specificity for Bayes_Classifier: 0.992 ± 0.000
Mean F1-score for Bayes_Classifier: 0.996 ± 0.000
Mean Sensitivity (Recall) for Bayes_Classifier: 0.998 ± 0.000


#########################################################################


Mean Accuracy for Bayes_Classifier: 0.996 ± 0.001
Mean Specificity for Bayes_Classifier: 0.992 ± 0.001
Mean F1-score for Bayes_Classifier: 0.996 ± 0.000
Mean Sensitivity (Recall) for Bayes_Classifier: 0.998 ± 0.000


#########################################################################


Mean Accuracy for Bayes_Classifier: 0.996 ± 0.001
Mean Specificity for Bayes_Classifier: 0.992 ± 0.001
Mean F1-score for Bayes_Classifier: 0.996 ± 0.000
Mean Sensitivity (Recall) for Bayes_Classifier: 0.998 ± 0.000


#########################################################################


Mean Accuracy for KNN_Classifier: 0.996 ± 0.000
Mean Specificity for KNN_Classifier: 0.991 ± 0.001
Mean F1-score for KNN_Classifier: 0.997 ± 0.000
Mean Sensitivity (Recall) for KNN_Classifier: 1.000 ± 0.000


#########################################################################


Mean Accuracy for KNN_Classifier: 0.996 ± 0.000
Mean Specificity for KNN_Classifier: 0.992 ± 0.001
Mean F1-score for KNN_Classifier: 0.997 ± 0.000
Mean Sensitivity (Recall) for KNN_Classifier: 1.000 ± 0.000


#########################################################################


Mean Accuracy for KNN_Classifier: 0.996 ± 0.000
Mean Specificity for KNN_Classifier: 0.991 ± 0.001
Mean F1-score for KNN_Classifier: 0.997 ± 0.000
Mean Sensitivity (Recall) for KNN_Classifier: 1.000 ± 0.000


#########################################################################


Mean Accuracy for KNN_Classifier: 0.996 ± 0.000
Mean Specificity for KNN_Classifier: 0.991 ± 0.001
Mean F1-score for KNN_Classifier: 0.997 ± 0.000
Mean Sensitivity (Recall) for KNN_Classifier: 1.000 ± 0.000


#########################################################################


Mean Accuracy for KNN_Classifier: 0.996 ± 0.000
Mean Specificity for KNN_Classifier: 0.992 ± 0.001
Mean F1-score for KNN_Classifier: 0.997 ± 0.000
Mean Sensitivity (Recall) for KNN_Classifier: 1.000 ± 0.000


#########################################################################


Mean Accuracy for KNN_Classifier: 0.996 ± 0.000
Mean Specificity for KNN_Classifier: 0.991 ± 0.000
Mean F1-score for KNN_Classifier: 0.997 ± 0.000
Mean Sensitivity (Recall) for KNN_Classifier: 1.000 ± 0.000


#########################################################################


Mean Accuracy for KNN_Classifier: 0.996 ± 0.000
Mean Specificity for KNN_Classifier: 0.991 ± 0.000
Mean F1-score for KNN_Classifier: 0.997 ± 0.000
Mean Sensitivity (Recall) for KNN_Classifier: 1.000 ± 0.000


#########################################################################


Mean Accuracy for KNN_Classifier: 0.996 ± 0.000
Mean Specificity for KNN_Classifier: 0.991 ± 0.000
Mean F1-score for KNN_Classifier: 0.997 ± 0.000
Mean Sensitivity (Recall) for KNN_Classifier: 1.000 ± 0.000


#########################################################################


Mean Accuracy for KNN_Classifier: 0.996 ± 0.000
Mean Specificity for KNN_Classifier: 0.991 ± 0.001
Mean F1-score for KNN_Classifier: 0.997 ± 0.000
Mean Sensitivity (Recall) for KNN_Classifier: 1.000 ± 0.000


#########################################################################


Mean Accuracy for KNN_Classifier: 0.996 ± 0.000
Mean Specificity for KNN_Classifier: 0.991 ± 0.000
Mean F1-score for KNN_Classifier: 0.997 ± 0.000
Mean Sensitivity (Recall) for KNN_Classifier: 1.000 ± 0.000


#########################################################################


Mean Accuracy for SVM_Classifier: 0.997 ± 0.000
Mean Specificity for SVM_Classifier: 0.992 ± 0.000
Mean F1-score for SVM_Classifier: 0.997 ± 0.000
Mean Sensitivity (Recall) for SVM_Classifier: 1.000 ± 0.000


#########################################################################


Mean Accuracy for SVM_Classifier: 0.997 ± 0.000
Mean Specificity for SVM_Classifier: 0.992 ± 0.000
Mean F1-score for SVM_Classifier: 0.997 ± 0.000
Mean Sensitivity (Recall) for SVM_Classifier: 1.000 ± 0.000


#########################################################################


Mean Accuracy for SVM_Classifier: 0.997 ± 0.000
Mean Specificity for SVM_Classifier: 0.992 ± 0.000
Mean F1-score for SVM_Classifier: 0.997 ± 0.000
Mean Sensitivity (Recall) for SVM_Classifier: 1.000 ± 0.000


#########################################################################


Mean Accuracy for SVM_Classifier: 0.997 ± 0.000
Mean Specificity for SVM_Classifier: 0.992 ± 0.001
Mean F1-score for SVM_Classifier: 0.997 ± 0.000
Mean Sensitivity (Recall) for SVM_Classifier: 1.000 ± 0.000


#########################################################################


Mean Accuracy for SVM_Classifier: 0.997 ± 0.000
Mean Specificity for SVM_Classifier: 0.992 ± 0.001
Mean F1-score for SVM_Classifier: 0.997 ± 0.000
Mean Sensitivity (Recall) for SVM_Classifier: 1.000 ± 0.000


#########################################################################


Mean Accuracy for SVM_Classifier: 0.997 ± 0.000
Mean Specificity for SVM_Classifier: 0.992 ± 0.000
Mean F1-score for SVM_Classifier: 0.997 ± 0.000
Mean Sensitivity (Recall) for SVM_Classifier: 1.000 ± 0.000


#########################################################################


Mean Accuracy for SVM_Classifier: 0.997 ± 0.000
Mean Specificity for SVM_Classifier: 0.992 ± 0.000
Mean F1-score for SVM_Classifier: 0.997 ± 0.000
Mean Sensitivity (Recall) for SVM_Classifier: 1.000 ± 0.000


#########################################################################


Mean Accuracy for SVM_Classifier: 0.997 ± 0.000
Mean Specificity for SVM_Classifier: 0.992 ± 0.001
Mean F1-score for SVM_Classifier: 0.997 ± 0.000
Mean Sensitivity (Recall) for SVM_Classifier: 1.000 ± 0.000


#########################################################################


Mean Accuracy for SVM_Classifier: 0.997 ± 0.000
Mean Specificity for SVM_Classifier: 0.992 ± 0.001
Mean F1-score for SVM_Classifier: 0.997 ± 0.000
Mean Sensitivity (Recall) for SVM_Classifier: 1.000 ± 0.000


#########################################################################


Mean Accuracy for SVM_Classifier: 0.997 ± 0.000
Mean Specificity for SVM_Classifier: 0.992 ± 0.001
Mean F1-score for SVM_Classifier: 0.997 ± 0.000
Mean Sensitivity (Recall) for SVM_Classifier: 1.000 ± 0.000


#########################################################################


TESTING CLASSIFIERS FOR DATASET AUC_PCA...
TESTING KNN...
Best k = 1
Minimum Average Error = 0.06%
TESTING SVM...
Best C = 100.0
Minimum Average Error = 5.29%
Mean Accuracy for Euclidean_MDC: 0.760 ± 0.003
Mean Specificity for Euclidean_MDC: 0.770 ± 0.019
Mean F1-score for Euclidean_MDC: 0.782 ± 0.002
Mean Sensitivity (Recall) for Euclidean_MDC: 0.753 ± 0.009


#########################################################################


Mean Accuracy for Euclidean_MDC: 0.760 ± 0.003
Mean Specificity for Euclidean_MDC: 0.770 ± 0.018
Mean F1-score for Euclidean_MDC: 0.782 ± 0.001
Mean Sensitivity (Recall) for Euclidean_MDC: 0.753 ± 0.008


#########################################################################


Mean Accuracy for Euclidean_MDC: 0.764 ± 0.004
Mean Specificity for Euclidean_MDC: 0.770 ± 0.018
Mean F1-score for Euclidean_MDC: 0.786 ± 0.007
Mean Sensitivity (Recall) for Euclidean_MDC: 0.759 ± 0.019


#########################################################################


Mean Accuracy for Euclidean_MDC: 0.760 ± 0.003
Mean Specificity for Euclidean_MDC: 0.771 ± 0.013
Mean F1-score for Euclidean_MDC: 0.782 ± 0.001
Mean Sensitivity (Recall) for Euclidean_MDC: 0.751 ± 0.005


#########################################################################


Mean Accuracy for Euclidean_MDC: 0.760 ± 0.004
Mean Specificity for Euclidean_MDC: 0.769 ± 0.019
Mean F1-score for Euclidean_MDC: 0.782 ± 0.001
Mean Sensitivity (Recall) for Euclidean_MDC: 0.753 ± 0.008


#########################################################################


Mean Accuracy for Euclidean_MDC: 0.760 ± 0.003
Mean Specificity for Euclidean_MDC: 0.770 ± 0.018
Mean F1-score for Euclidean_MDC: 0.782 ± 0.002
Mean Sensitivity (Recall) for Euclidean_MDC: 0.753 ± 0.009


#########################################################################


Mean Accuracy for Euclidean_MDC: 0.760 ± 0.003
Mean Specificity for Euclidean_MDC: 0.770 ± 0.018
Mean F1-score for Euclidean_MDC: 0.782 ± 0.001
Mean Sensitivity (Recall) for Euclidean_MDC: 0.753 ± 0.010


#########################################################################


Mean Accuracy for Euclidean_MDC: 0.761 ± 0.003
Mean Specificity for Euclidean_MDC: 0.773 ± 0.011
Mean F1-score for Euclidean_MDC: 0.782 ± 0.002
Mean Sensitivity (Recall) for Euclidean_MDC: 0.751 ± 0.005


#########################################################################


Mean Accuracy for Euclidean_MDC: 0.761 ± 0.004
Mean Specificity for Euclidean_MDC: 0.770 ± 0.018
Mean F1-score for Euclidean_MDC: 0.783 ± 0.002
Mean Sensitivity (Recall) for Euclidean_MDC: 0.753 ± 0.008


#########################################################################


Mean Accuracy for Euclidean_MDC: 0.760 ± 0.003
Mean Specificity for Euclidean_MDC: 0.767 ± 0.021
Mean F1-score for Euclidean_MDC: 0.782 ± 0.000
Mean Sensitivity (Recall) for Euclidean_MDC: 0.754 ± 0.011


#########################################################################


Mean Accuracy for Mahalanobis_MDC: 0.998 ± 0.000
Mean Specificity for Mahalanobis_MDC: 0.995 ± 0.000
Mean F1-score for Mahalanobis_MDC: 0.998 ± 0.000
Mean Sensitivity (Recall) for Mahalanobis_MDC: 1.000 ± 0.000


#########################################################################


Mean Accuracy for Mahalanobis_MDC: 0.998 ± 0.000
Mean Specificity for Mahalanobis_MDC: 0.995 ± 0.001
Mean F1-score for Mahalanobis_MDC: 0.998 ± 0.000
Mean Sensitivity (Recall) for Mahalanobis_MDC: 1.000 ± 0.000


#########################################################################


Mean Accuracy for Mahalanobis_MDC: 0.998 ± 0.000
Mean Specificity for Mahalanobis_MDC: 0.995 ± 0.000
Mean F1-score for Mahalanobis_MDC: 0.998 ± 0.000
Mean Sensitivity (Recall) for Mahalanobis_MDC: 1.000 ± 0.000


#########################################################################


Mean Accuracy for Mahalanobis_MDC: 0.998 ± 0.000
Mean Specificity for Mahalanobis_MDC: 0.995 ± 0.000
Mean F1-score for Mahalanobis_MDC: 0.998 ± 0.000
Mean Sensitivity (Recall) for Mahalanobis_MDC: 1.000 ± 0.000


#########################################################################


Mean Accuracy for Mahalanobis_MDC: 0.998 ± 0.000
Mean Specificity for Mahalanobis_MDC: 0.995 ± 0.000
Mean F1-score for Mahalanobis_MDC: 0.998 ± 0.000
Mean Sensitivity (Recall) for Mahalanobis_MDC: 1.000 ± 0.000


#########################################################################


Mean Accuracy for Mahalanobis_MDC: 0.998 ± 0.000
Mean Specificity for Mahalanobis_MDC: 0.995 ± 0.001
Mean F1-score for Mahalanobis_MDC: 0.998 ± 0.000
Mean Sensitivity (Recall) for Mahalanobis_MDC: 1.000 ± 0.000


#########################################################################


Mean Accuracy for Mahalanobis_MDC: 0.998 ± 0.000
Mean Specificity for Mahalanobis_MDC: 0.995 ± 0.000
Mean F1-score for Mahalanobis_MDC: 0.998 ± 0.000
Mean Sensitivity (Recall) for Mahalanobis_MDC: 1.000 ± 0.000


#########################################################################


Mean Accuracy for Mahalanobis_MDC: 0.998 ± 0.000
Mean Specificity for Mahalanobis_MDC: 0.995 ± 0.000
Mean F1-score for Mahalanobis_MDC: 0.998 ± 0.000
Mean Sensitivity (Recall) for Mahalanobis_MDC: 1.000 ± 0.000


#########################################################################


Mean Accuracy for Mahalanobis_MDC: 0.998 ± 0.000
Mean Specificity for Mahalanobis_MDC: 0.995 ± 0.000
Mean F1-score for Mahalanobis_MDC: 0.998 ± 0.000
Mean Sensitivity (Recall) for Mahalanobis_MDC: 1.000 ± 0.000


#########################################################################


Mean Accuracy for Mahalanobis_MDC: 0.998 ± 0.000
Mean Specificity for Mahalanobis_MDC: 0.995 ± 0.000
Mean F1-score for Mahalanobis_MDC: 0.998 ± 0.000
Mean Sensitivity (Recall) for Mahalanobis_MDC: 1.000 ± 0.000


#########################################################################


Mean Accuracy for LDA_Fisher_MDC: 0.967 ± 0.002
Mean Specificity for LDA_Fisher_MDC: 0.923 ± 0.005
Mean F1-score for LDA_Fisher_MDC: 0.972 ± 0.002
Mean Sensitivity (Recall) for LDA_Fisher_MDC: 1.000 ± 0.000


#########################################################################


Mean Accuracy for LDA_Fisher_MDC: 0.967 ± 0.002
Mean Specificity for LDA_Fisher_MDC: 0.923 ± 0.005
Mean F1-score for LDA_Fisher_MDC: 0.972 ± 0.002
Mean Sensitivity (Recall) for LDA_Fisher_MDC: 1.000 ± 0.000


#########################################################################


Mean Accuracy for LDA_Fisher_MDC: 0.967 ± 0.002
Mean Specificity for LDA_Fisher_MDC: 0.923 ± 0.005
Mean F1-score for LDA_Fisher_MDC: 0.972 ± 0.002
Mean Sensitivity (Recall) for LDA_Fisher_MDC: 1.000 ± 0.000


#########################################################################


Mean Accuracy for LDA_Fisher_MDC: 0.967 ± 0.003
Mean Specificity for LDA_Fisher_MDC: 0.923 ± 0.006
Mean F1-score for LDA_Fisher_MDC: 0.972 ± 0.002
Mean Sensitivity (Recall) for LDA_Fisher_MDC: 1.000 ± 0.000


#########################################################################


Mean Accuracy for LDA_Fisher_MDC: 0.967 ± 0.003
Mean Specificity for LDA_Fisher_MDC: 0.924 ± 0.007
Mean F1-score for LDA_Fisher_MDC: 0.972 ± 0.002
Mean Sensitivity (Recall) for LDA_Fisher_MDC: 1.000 ± 0.000


#########################################################################


Mean Accuracy for LDA_Fisher_MDC: 0.967 ± 0.003
Mean Specificity for LDA_Fisher_MDC: 0.923 ± 0.007
Mean F1-score for LDA_Fisher_MDC: 0.972 ± 0.002
Mean Sensitivity (Recall) for LDA_Fisher_MDC: 1.000 ± 0.000


#########################################################################


Mean Accuracy for LDA_Fisher_MDC: 0.967 ± 0.003
Mean Specificity for LDA_Fisher_MDC: 0.923 ± 0.006
Mean F1-score for LDA_Fisher_MDC: 0.972 ± 0.002
Mean Sensitivity (Recall) for LDA_Fisher_MDC: 1.000 ± 0.000


#########################################################################


Mean Accuracy for LDA_Fisher_MDC: 0.967 ± 0.003
Mean Specificity for LDA_Fisher_MDC: 0.923 ± 0.006
Mean F1-score for LDA_Fisher_MDC: 0.972 ± 0.003
Mean Sensitivity (Recall) for LDA_Fisher_MDC: 1.000 ± 0.000


#########################################################################


Mean Accuracy for LDA_Fisher_MDC: 0.967 ± 0.002
Mean Specificity for LDA_Fisher_MDC: 0.923 ± 0.005
Mean F1-score for LDA_Fisher_MDC: 0.972 ± 0.002
Mean Sensitivity (Recall) for LDA_Fisher_MDC: 1.000 ± 0.000


#########################################################################


Mean Accuracy for LDA_Fisher_MDC: 0.967 ± 0.002
Mean Specificity for LDA_Fisher_MDC: 0.923 ± 0.004
Mean F1-score for LDA_Fisher_MDC: 0.972 ± 0.001
Mean Sensitivity (Recall) for LDA_Fisher_MDC: 1.000 ± 0.000


#########################################################################


Mean Accuracy for Bayes_Classifier: 0.842 ± 0.021
Mean Specificity for Bayes_Classifier: 0.999 ± 0.000
Mean F1-score for Bayes_Classifier: 0.839 ± 0.025
Mean Sensitivity (Recall) for Bayes_Classifier: 0.724 ± 0.037


#########################################################################


Mean Accuracy for Bayes_Classifier: 0.841 ± 0.015
Mean Specificity for Bayes_Classifier: 0.999 ± 0.000
Mean F1-score for Bayes_Classifier: 0.839 ± 0.018
Mean Sensitivity (Recall) for Bayes_Classifier: 0.723 ± 0.027


#########################################################################


Mean Accuracy for Bayes_Classifier: 0.841 ± 0.017
Mean Specificity for Bayes_Classifier: 0.999 ± 0.000
Mean F1-score for Bayes_Classifier: 0.838 ± 0.020
Mean Sensitivity (Recall) for Bayes_Classifier: 0.723 ± 0.030


#########################################################################


Mean Accuracy for Bayes_Classifier: 0.838 ± 0.029
Mean Specificity for Bayes_Classifier: 0.999 ± 0.000
Mean F1-score for Bayes_Classifier: 0.834 ± 0.033
Mean Sensitivity (Recall) for Bayes_Classifier: 0.716 ± 0.051


#########################################################################


Mean Accuracy for Bayes_Classifier: 0.839 ± 0.023
Mean Specificity for Bayes_Classifier: 0.999 ± 0.000
Mean F1-score for Bayes_Classifier: 0.836 ± 0.027
Mean Sensitivity (Recall) for Bayes_Classifier: 0.719 ± 0.041


#########################################################################


Mean Accuracy for Bayes_Classifier: 0.843 ± 0.023
Mean Specificity for Bayes_Classifier: 0.999 ± 0.000
Mean F1-score for Bayes_Classifier: 0.840 ± 0.026
Mean Sensitivity (Recall) for Bayes_Classifier: 0.725 ± 0.039


#########################################################################


Mean Accuracy for Bayes_Classifier: 0.840 ± 0.017
Mean Specificity for Bayes_Classifier: 0.999 ± 0.000
Mean F1-score for Bayes_Classifier: 0.838 ± 0.021
Mean Sensitivity (Recall) for Bayes_Classifier: 0.721 ± 0.031


#########################################################################


Mean Accuracy for Bayes_Classifier: 0.842 ± 0.015
Mean Specificity for Bayes_Classifier: 0.999 ± 0.000
Mean F1-score for Bayes_Classifier: 0.839 ± 0.018
Mean Sensitivity (Recall) for Bayes_Classifier: 0.723 ± 0.027


#########################################################################


Mean Accuracy for Bayes_Classifier: 0.841 ± 0.016
Mean Specificity for Bayes_Classifier: 1.000 ± 0.000
Mean F1-score for Bayes_Classifier: 0.838 ± 0.018
Mean Sensitivity (Recall) for Bayes_Classifier: 0.722 ± 0.027


#########################################################################


Mean Accuracy for Bayes_Classifier: 0.839 ± 0.033
Mean Specificity for Bayes_Classifier: 1.000 ± 0.000
Mean F1-score for Bayes_Classifier: 0.836 ± 0.037
Mean Sensitivity (Recall) for Bayes_Classifier: 0.720 ± 0.057


#########################################################################


Mean Accuracy for KNN_Classifier: 0.999 ± 0.000
Mean Specificity for KNN_Classifier: 0.999 ± 0.000
Mean F1-score for KNN_Classifier: 1.000 ± 0.000
Mean Sensitivity (Recall) for KNN_Classifier: 1.000 ± 0.000


#########################################################################


Mean Accuracy for KNN_Classifier: 0.999 ± 0.000
Mean Specificity for KNN_Classifier: 0.999 ± 0.000
Mean F1-score for KNN_Classifier: 1.000 ± 0.000
Mean Sensitivity (Recall) for KNN_Classifier: 1.000 ± 0.000


#########################################################################


Mean Accuracy for KNN_Classifier: 0.999 ± 0.000
Mean Specificity for KNN_Classifier: 0.999 ± 0.000
Mean F1-score for KNN_Classifier: 1.000 ± 0.000
Mean Sensitivity (Recall) for KNN_Classifier: 1.000 ± 0.000


#########################################################################


Mean Accuracy for KNN_Classifier: 0.999 ± 0.000
Mean Specificity for KNN_Classifier: 0.999 ± 0.000
Mean F1-score for KNN_Classifier: 0.999 ± 0.000
Mean Sensitivity (Recall) for KNN_Classifier: 1.000 ± 0.000


#########################################################################


Mean Accuracy for KNN_Classifier: 0.999 ± 0.000
Mean Specificity for KNN_Classifier: 0.999 ± 0.000
Mean F1-score for KNN_Classifier: 0.999 ± 0.000
Mean Sensitivity (Recall) for KNN_Classifier: 1.000 ± 0.000


#########################################################################


Mean Accuracy for KNN_Classifier: 0.999 ± 0.000
Mean Specificity for KNN_Classifier: 0.999 ± 0.000
Mean F1-score for KNN_Classifier: 1.000 ± 0.000
Mean Sensitivity (Recall) for KNN_Classifier: 1.000 ± 0.000


#########################################################################


Mean Accuracy for KNN_Classifier: 0.999 ± 0.000
Mean Specificity for KNN_Classifier: 0.999 ± 0.000
Mean F1-score for KNN_Classifier: 1.000 ± 0.000
Mean Sensitivity (Recall) for KNN_Classifier: 1.000 ± 0.000


#########################################################################


Mean Accuracy for KNN_Classifier: 0.999 ± 0.000
Mean Specificity for KNN_Classifier: 0.999 ± 0.000
Mean F1-score for KNN_Classifier: 1.000 ± 0.000
Mean Sensitivity (Recall) for KNN_Classifier: 1.000 ± 0.000


#########################################################################


Mean Accuracy for KNN_Classifier: 0.999 ± 0.000
Mean Specificity for KNN_Classifier: 0.999 ± 0.000
Mean F1-score for KNN_Classifier: 1.000 ± 0.000
Mean Sensitivity (Recall) for KNN_Classifier: 1.000 ± 0.000


#########################################################################


Mean Accuracy for KNN_Classifier: 0.999 ± 0.000
Mean Specificity for KNN_Classifier: 0.999 ± 0.000
Mean F1-score for KNN_Classifier: 1.000 ± 0.000
Mean Sensitivity (Recall) for KNN_Classifier: 1.000 ± 0.000


#########################################################################


Mean Accuracy for SVM_Classifier: 0.996 ± 0.000
Mean Specificity for SVM_Classifier: 0.992 ± 0.000
Mean F1-score for SVM_Classifier: 0.997 ± 0.000
Mean Sensitivity (Recall) for SVM_Classifier: 1.000 ± 0.000


#########################################################################


Mean Accuracy for SVM_Classifier: 0.997 ± 0.000
Mean Specificity for SVM_Classifier: 0.992 ± 0.000
Mean F1-score for SVM_Classifier: 0.997 ± 0.000
Mean Sensitivity (Recall) for SVM_Classifier: 1.000 ± 0.000


#########################################################################


Mean Accuracy for SVM_Classifier: 0.996 ± 0.000
Mean Specificity for SVM_Classifier: 0.992 ± 0.000
Mean F1-score for SVM_Classifier: 0.997 ± 0.000
Mean Sensitivity (Recall) for SVM_Classifier: 1.000 ± 0.000


#########################################################################


Mean Accuracy for SVM_Classifier: 0.996 ± 0.000
Mean Specificity for SVM_Classifier: 0.992 ± 0.001
Mean F1-score for SVM_Classifier: 0.997 ± 0.000
Mean Sensitivity (Recall) for SVM_Classifier: 1.000 ± 0.000


#########################################################################


Mean Accuracy for SVM_Classifier: 0.997 ± 0.000
Mean Specificity for SVM_Classifier: 0.992 ± 0.001
Mean F1-score for SVM_Classifier: 0.997 ± 0.000
Mean Sensitivity (Recall) for SVM_Classifier: 1.000 ± 0.000


#########################################################################


Mean Accuracy for SVM_Classifier: 0.997 ± 0.000
Mean Specificity for SVM_Classifier: 0.992 ± 0.001
Mean F1-score for SVM_Classifier: 0.997 ± 0.000
Mean Sensitivity (Recall) for SVM_Classifier: 1.000 ± 0.000


#########################################################################


Mean Accuracy for SVM_Classifier: 0.996 ± 0.000
Mean Specificity for SVM_Classifier: 0.992 ± 0.000
Mean F1-score for SVM_Classifier: 0.997 ± 0.000
Mean Sensitivity (Recall) for SVM_Classifier: 1.000 ± 0.000


#########################################################################


Mean Accuracy for SVM_Classifier: 0.997 ± 0.000
Mean Specificity for SVM_Classifier: 0.992 ± 0.001
Mean F1-score for SVM_Classifier: 0.997 ± 0.000
Mean Sensitivity (Recall) for SVM_Classifier: 1.000 ± 0.000


#########################################################################


Mean Accuracy for SVM_Classifier: 0.996 ± 0.000
Mean Specificity for SVM_Classifier: 0.992 ± 0.001
Mean F1-score for SVM_Classifier: 0.997 ± 0.000
Mean Sensitivity (Recall) for SVM_Classifier: 1.000 ± 0.000


#########################################################################


Mean Accuracy for SVM_Classifier: 0.996 ± 0.000
Mean Specificity for SVM_Classifier: 0.992 ± 0.000
Mean F1-score for SVM_Classifier: 0.997 ± 0.000
Mean Sensitivity (Recall) for SVM_Classifier: 1.000 ± 0.000


#########################################################################


TESTING CLASSIFIERS FOR DATASET AUC_LDA...
TESTING KNN...
Best k = 11
Minimum Average Error = 0.65%
TESTING SVM...
Best C = 0.01
Minimum Average Error = 3.89%
Mean Accuracy for Euclidean_MDC: 0.967 ± 0.001
Mean Specificity for Euclidean_MDC: 0.923 ± 0.001
Mean F1-score for Euclidean_MDC: 0.972 ± 0.001
Mean Sensitivity (Recall) for Euclidean_MDC: 1.000 ± 0.000


#########################################################################


Mean Accuracy for Euclidean_MDC: 0.967 ± 0.001
Mean Specificity for Euclidean_MDC: 0.923 ± 0.002
Mean F1-score for Euclidean_MDC: 0.972 ± 0.000
Mean Sensitivity (Recall) for Euclidean_MDC: 1.000 ± 0.000


#########################################################################


Mean Accuracy for Euclidean_MDC: 0.967 ± 0.001
Mean Specificity for Euclidean_MDC: 0.923 ± 0.002
Mean F1-score for Euclidean_MDC: 0.972 ± 0.000
Mean Sensitivity (Recall) for Euclidean_MDC: 1.000 ± 0.000


#########################################################################


Mean Accuracy for Euclidean_MDC: 0.967 ± 0.001
Mean Specificity for Euclidean_MDC: 0.923 ± 0.001
Mean F1-score for Euclidean_MDC: 0.972 ± 0.000
Mean Sensitivity (Recall) for Euclidean_MDC: 1.000 ± 0.000


#########################################################################


Mean Accuracy for Euclidean_MDC: 0.967 ± 0.001
Mean Specificity for Euclidean_MDC: 0.923 ± 0.003
Mean F1-score for Euclidean_MDC: 0.972 ± 0.001
Mean Sensitivity (Recall) for Euclidean_MDC: 1.000 ± 0.000


#########################################################################


Mean Accuracy for Euclidean_MDC: 0.967 ± 0.001
Mean Specificity for Euclidean_MDC: 0.923 ± 0.001
Mean F1-score for Euclidean_MDC: 0.972 ± 0.001
Mean Sensitivity (Recall) for Euclidean_MDC: 1.000 ± 0.000


#########################################################################


Mean Accuracy for Euclidean_MDC: 0.967 ± 0.001
Mean Specificity for Euclidean_MDC: 0.923 ± 0.002
Mean F1-score for Euclidean_MDC: 0.972 ± 0.000
Mean Sensitivity (Recall) for Euclidean_MDC: 1.000 ± 0.000


#########################################################################


Mean Accuracy for Euclidean_MDC: 0.967 ± 0.001
Mean Specificity for Euclidean_MDC: 0.923 ± 0.001
Mean F1-score for Euclidean_MDC: 0.972 ± 0.001
Mean Sensitivity (Recall) for Euclidean_MDC: 1.000 ± 0.000


#########################################################################


Mean Accuracy for Euclidean_MDC: 0.967 ± 0.000
Mean Specificity for Euclidean_MDC: 0.923 ± 0.001
Mean F1-score for Euclidean_MDC: 0.972 ± 0.000
Mean Sensitivity (Recall) for Euclidean_MDC: 1.000 ± 0.000


#########################################################################


Mean Accuracy for Euclidean_MDC: 0.967 ± 0.001
Mean Specificity for Euclidean_MDC: 0.923 ± 0.001
Mean F1-score for Euclidean_MDC: 0.972 ± 0.001
Mean Sensitivity (Recall) for Euclidean_MDC: 1.000 ± 0.000


#########################################################################


Mean Accuracy for Mahalanobis_MDC: 0.992 ± 0.001
Mean Specificity for Mahalanobis_MDC: 0.990 ± 0.001
Mean F1-score for Mahalanobis_MDC: 0.993 ± 0.001
Mean Sensitivity (Recall) for Mahalanobis_MDC: 0.993 ± 0.001


#########################################################################


Mean Accuracy for Mahalanobis_MDC: 0.992 ± 0.000
Mean Specificity for Mahalanobis_MDC: 0.990 ± 0.001
Mean F1-score for Mahalanobis_MDC: 0.993 ± 0.000
Mean Sensitivity (Recall) for Mahalanobis_MDC: 0.993 ± 0.001


#########################################################################


Mean Accuracy for Mahalanobis_MDC: 0.992 ± 0.001
Mean Specificity for Mahalanobis_MDC: 0.990 ± 0.000
Mean F1-score for Mahalanobis_MDC: 0.993 ± 0.001
Mean Sensitivity (Recall) for Mahalanobis_MDC: 0.993 ± 0.002


#########################################################################


Mean Accuracy for Mahalanobis_MDC: 0.992 ± 0.001
Mean Specificity for Mahalanobis_MDC: 0.990 ± 0.001
Mean F1-score for Mahalanobis_MDC: 0.993 ± 0.001
Mean Sensitivity (Recall) for Mahalanobis_MDC: 0.993 ± 0.001


#########################################################################


Mean Accuracy for Mahalanobis_MDC: 0.992 ± 0.001
Mean Specificity for Mahalanobis_MDC: 0.990 ± 0.001
Mean F1-score for Mahalanobis_MDC: 0.993 ± 0.001
Mean Sensitivity (Recall) for Mahalanobis_MDC: 0.993 ± 0.002


#########################################################################


Mean Accuracy for Mahalanobis_MDC: 0.992 ± 0.000
Mean Specificity for Mahalanobis_MDC: 0.990 ± 0.001
Mean F1-score for Mahalanobis_MDC: 0.993 ± 0.000
Mean Sensitivity (Recall) for Mahalanobis_MDC: 0.993 ± 0.001


#########################################################################


Mean Accuracy for Mahalanobis_MDC: 0.992 ± 0.001
Mean Specificity for Mahalanobis_MDC: 0.990 ± 0.001
Mean F1-score for Mahalanobis_MDC: 0.993 ± 0.001
Mean Sensitivity (Recall) for Mahalanobis_MDC: 0.993 ± 0.002


#########################################################################


Mean Accuracy for Mahalanobis_MDC: 0.992 ± 0.001
Mean Specificity for Mahalanobis_MDC: 0.990 ± 0.000
Mean F1-score for Mahalanobis_MDC: 0.993 ± 0.001
Mean Sensitivity (Recall) for Mahalanobis_MDC: 0.993 ± 0.001


#########################################################################


Mean Accuracy for Mahalanobis_MDC: 0.992 ± 0.000
Mean Specificity for Mahalanobis_MDC: 0.990 ± 0.001
Mean F1-score for Mahalanobis_MDC: 0.993 ± 0.000
Mean Sensitivity (Recall) for Mahalanobis_MDC: 0.993 ± 0.001


#########################################################################


Mean Accuracy for Mahalanobis_MDC: 0.992 ± 0.001
Mean Specificity for Mahalanobis_MDC: 0.990 ± 0.001
Mean F1-score for Mahalanobis_MDC: 0.993 ± 0.000
Mean Sensitivity (Recall) for Mahalanobis_MDC: 0.993 ± 0.001


#########################################################################


Mean Accuracy for Bayes_Classifier: 0.992 ± 0.000
Mean Specificity for Bayes_Classifier: 0.983 ± 0.002
Mean F1-score for Bayes_Classifier: 0.993 ± 0.000
Mean Sensitivity (Recall) for Bayes_Classifier: 0.998 ± 0.001


#########################################################################


Mean Accuracy for Bayes_Classifier: 0.992 ± 0.000
Mean Specificity for Bayes_Classifier: 0.984 ± 0.002
Mean F1-score for Bayes_Classifier: 0.993 ± 0.000
Mean Sensitivity (Recall) for Bayes_Classifier: 0.998 ± 0.001


#########################################################################


Mean Accuracy for Bayes_Classifier: 0.992 ± 0.001
Mean Specificity for Bayes_Classifier: 0.983 ± 0.001
Mean F1-score for Bayes_Classifier: 0.993 ± 0.000
Mean Sensitivity (Recall) for Bayes_Classifier: 0.998 ± 0.000


#########################################################################


